#
# There is insufficient memory for the Java Runtime Environment to continue.
# Native memory allocation (malloc) failed to allocate 1150896 bytes for Chunk::new
# Possible reasons:
#   The system is out of physical RAM or swap space
#   The process is running with CompressedOops enabled, and the Java Heap may be blocking the growth of the native heap
# Possible solutions:
#   Reduce memory load on the system
#   Increase physical memory or swap space
#   Check if swap backing store is full
#   Decrease Java heap size (-Xmx/-Xms)
#   Decrease number of Java threads
#   Decrease Java thread stack sizes (-Xss)
#   Set larger code cache with -XX:ReservedCodeCacheSize=
#   JVM is running with Unscaled Compressed Oops mode in which the Java heap is
#     placed in the first 4GB address space. The Java Heap base address is the
#     maximum limit for the native heap growth. Please use -XX:HeapBaseMinAddress
#     to set the Java Heap base and to place the Java Heap above 4GB virtual address.
# This output file may be truncated or incomplete.
#
#  Out of Memory Error (./open/src/hotspot/share/memory/arena.cpp:197), pid=8816, tid=7456
#
# JRE version: Java(TM) SE Runtime Environment 18.9 (11.0.15+8) (build 11.0.15+8-LTS-149)
# Java VM: Java HotSpot(TM) 64-Bit Server VM 18.9 (11.0.15+8-LTS-149, mixed mode, tiered, compressed oops, g1 gc, windows-amd64)
# No core dump will be written. Minidumps are not enabled by default on client versions of Windows
#

---------------  S U M M A R Y ------------

Command Line: -javaagent:C:\Program Files\JetBrains\IntelliJ IDEA Community Edition 2022.2.1\lib\idea_rt.jar=55720:C:\Program Files\JetBrains\IntelliJ IDEA Community Edition 2022.2.1\bin -Dfile.encoding=UTF-8 com.training.messaging.standaloneactivemqexample.StandaloneActivemqExampleApplication

Host: Intel(R) Xeon(R) Platinum 8272CL CPU @ 2.60GHz, 2 cores, 7G,  Windows 10 , 64 bit Build 19041 (10.0.19041.1889)
Time: Fri Sep  2 07:26:40 2022 Coordinated Universal Time elapsed time: 8.556089 seconds (0d 0h 0m 8s)

---------------  T H R E A D  ---------------

Current thread (0x000002074ea74800):  JavaThread "C2 CompilerThread0" daemon [_thread_in_native, id=7456, stack(0x00000016e7600000,0x00000016e7700000)]


Current CompileTask:
C2:   8556 3070       4       java.net.URLStreamHandler::parseURL (1201 bytes)

Stack: [0x00000016e7600000,0x00000016e7700000]
Native frames: (J=compiled Java code, j=interpreted, Vv=VM code, C=native code)
V  [jvm.dll+0x629d8a]
V  [jvm.dll+0x7638ff]
V  [jvm.dll+0x764fa9]
V  [jvm.dll+0x765633]
V  [jvm.dll+0x23d9c8]
V  [jvm.dll+0xb2a1c]
V  [jvm.dll+0xb2fdc]
V  [jvm.dll+0x341002]
V  [jvm.dll+0x30e9b3]
V  [jvm.dll+0x30dcfa]
V  [jvm.dll+0x1f8565]
V  [jvm.dll+0x1f774d]
V  [jvm.dll+0x177c51]
V  [jvm.dll+0x207026]
V  [jvm.dll+0x2051bb]
V  [jvm.dll+0x729820]
V  [jvm.dll+0x7223f4]
V  [jvm.dll+0x628c26]
C  [ucrtbase.dll+0x21bb2]
C  [KERNEL32.DLL+0x17034]
C  [ntdll.dll+0x52651]


---------------  P R O C E S S  ---------------

Threads class SMR info:
_java_thread_list=0x0000020750d65650, length=14, elements={
0x0000020731601000, 0x000002074ea53000, 0x000002074ea54000, 0x000002074f2f2800,
0x000002074ea70800, 0x000002074ea73800, 0x000002074ea74800, 0x000002074eaab000,
0x000002074f324000, 0x000002074e9f6000, 0x000002074f5ec800, 0x000002074fd61800,
0x00000207508e9800, 0x000002075065d000
}

Java Threads: ( => current thread )
  0x0000020731601000 JavaThread "main" [_thread_in_Java, id=8616, stack(0x00000016e6a00000,0x00000016e6b00000)]
  0x000002074ea53000 JavaThread "Reference Handler" daemon [_thread_blocked, id=2532, stack(0x00000016e7100000,0x00000016e7200000)]
  0x000002074ea54000 JavaThread "Finalizer" daemon [_thread_blocked, id=3160, stack(0x00000016e7200000,0x00000016e7300000)]
  0x000002074f2f2800 JavaThread "Signal Dispatcher" daemon [_thread_blocked, id=10072, stack(0x00000016e7300000,0x00000016e7400000)]
  0x000002074ea70800 JavaThread "Attach Listener" daemon [_thread_blocked, id=4900, stack(0x00000016e7400000,0x00000016e7500000)]
  0x000002074ea73800 JavaThread "Service Thread" daemon [_thread_blocked, id=9268, stack(0x00000016e7500000,0x00000016e7600000)]
=>0x000002074ea74800 JavaThread "C2 CompilerThread0" daemon [_thread_in_native, id=7456, stack(0x00000016e7600000,0x00000016e7700000)]
  0x000002074eaab000 JavaThread "C1 CompilerThread0" daemon [_thread_blocked, id=11368, stack(0x00000016e7700000,0x00000016e7800000)]
  0x000002074f324000 JavaThread "Sweeper thread" daemon [_thread_blocked, id=9764, stack(0x00000016e7800000,0x00000016e7900000)]
  0x000002074e9f6000 JavaThread "Common-Cleaner" daemon [_thread_blocked, id=11904, stack(0x00000016e7900000,0x00000016e7a00000)]
  0x000002074f5ec800 JavaThread "Monitor Ctrl-Break" daemon [_thread_in_native, id=11808, stack(0x00000016e7a00000,0x00000016e7b00000)]
  0x000002074fd61800 JavaThread "Catalina-utility-1" [_thread_in_Java, id=5532, stack(0x00000016e7d00000,0x00000016e7e00000)]
  0x00000207508e9800 JavaThread "Catalina-utility-2" [_thread_in_vm, id=10288, stack(0x00000016e7e00000,0x00000016e7f00000)]
  0x000002075065d000 JavaThread "container-0" [_thread_blocked, id=10664, stack(0x00000016e7f00000,0x00000016e8000000)]

Other Threads:
  0x000002074ea4f000 VMThread "VM Thread" [stack: 0x00000016e7000000,0x00000016e7100000] [id=12976]
  0x000002074f6a9000 WatcherThread [stack: 0x00000016e7b00000,0x00000016e7c00000] [id=10232]
  0x0000020731616800 GCTaskThread "GC Thread#0" [stack: 0x00000016e6b00000,0x00000016e6c00000] [id=8240]
  0x000002074f8f1800 GCTaskThread "GC Thread#1" [stack: 0x00000016e7c00000,0x00000016e7d00000] [id=11204]
  0x0000020731642000 ConcurrentGCThread "G1 Main Marker" [stack: 0x00000016e6c00000,0x00000016e6d00000] [id=10360]
  0x0000020731644000 ConcurrentGCThread "G1 Conc#0" [stack: 0x00000016e6d00000,0x00000016e6e00000] [id=9676]
  0x00000207316ca800 ConcurrentGCThread "G1 Refine#0" [stack: 0x00000016e6e00000,0x00000016e6f00000] [id=6176]
  0x00000207316cc800 ConcurrentGCThread "G1 Young RemSet Sampling" [stack: 0x00000016e6f00000,0x00000016e7000000] [id=3672]

Threads with active compile tasks:
C2 CompilerThread0   8591 3070       4       java.net.URLStreamHandler::parseURL (1201 bytes)

VM state:not at safepoint (normal execution)

VM Mutex/Monitor currently owned by a thread: None

Heap address: 0x0000000080000000, size: 2048 MB, Compressed Oops mode: 32-bit
Narrow klass base: 0x0000000000000000, Narrow klass shift: 3
Compressed class space size: 1073741824 Address: 0x0000000100000000

Heap:
 garbage-first heap   total 131072K, used 57494K [0x0000000080000000, 0x0000000100000000)
  region size 1024K, 53 young (54272K), 4 survivors (4096K)
 Metaspace       used 33010K, capacity 33866K, committed 34096K, reserved 1081344K
  class space    used 3799K, capacity 4172K, committed 4224K, reserved 1048576K
Heap Regions: E=young(eden), S=young(survivor), O=old, HS=humongous(starts), HC=humongous(continues), CS=collection set, F=free, A=archive, TAMS=top-at-mark-start (previous, next)
|   0|0x0000000080000000, 0x0000000080100000, 0x0000000080100000|100%| O|  |TAMS 0x0000000080100000, 0x0000000080000000| Untracked 
|   1|0x0000000080100000, 0x0000000080200000, 0x0000000080200000|100%| O|  |TAMS 0x0000000080200000, 0x0000000080100000| Untracked 
|   2|0x0000000080200000, 0x0000000080300000, 0x0000000080300000|100%| O|  |TAMS 0x0000000080300000, 0x0000000080200000| Untracked 
|   3|0x0000000080300000, 0x0000000080400000, 0x0000000080400000|100%| O|  |TAMS 0x0000000080400000, 0x0000000080300000| Untracked 
|   4|0x0000000080400000, 0x00000000804be000, 0x0000000080500000| 74%| O|  |TAMS 0x0000000080432400, 0x0000000080400000| Untracked 
|   5|0x0000000080500000, 0x0000000080500000, 0x0000000080600000|  0%| F|  |TAMS 0x0000000080500000, 0x0000000080500000| Untracked 
|   6|0x0000000080600000, 0x0000000080600000, 0x0000000080700000|  0%| F|  |TAMS 0x0000000080600000, 0x0000000080600000| Untracked 
|   7|0x0000000080700000, 0x0000000080700000, 0x0000000080800000|  0%| F|  |TAMS 0x0000000080700000, 0x0000000080700000| Untracked 
|   8|0x0000000080800000, 0x0000000080800000, 0x0000000080900000|  0%| F|  |TAMS 0x0000000080800000, 0x0000000080800000| Untracked 
|   9|0x0000000080900000, 0x0000000080900000, 0x0000000080a00000|  0%| F|  |TAMS 0x0000000080900000, 0x0000000080900000| Untracked 
|  10|0x0000000080a00000, 0x0000000080a00000, 0x0000000080b00000|  0%| F|  |TAMS 0x0000000080a00000, 0x0000000080a00000| Untracked 
|  11|0x0000000080b00000, 0x0000000080b00000, 0x0000000080c00000|  0%| F|  |TAMS 0x0000000080b00000, 0x0000000080b00000| Untracked 
|  12|0x0000000080c00000, 0x0000000080c00000, 0x0000000080d00000|  0%| F|  |TAMS 0x0000000080c00000, 0x0000000080c00000| Untracked 
|  13|0x0000000080d00000, 0x0000000080d00000, 0x0000000080e00000|  0%| F|  |TAMS 0x0000000080d00000, 0x0000000080d00000| Untracked 
|  14|0x0000000080e00000, 0x0000000080e00000, 0x0000000080f00000|  0%| F|  |TAMS 0x0000000080e00000, 0x0000000080e00000| Untracked 
|  15|0x0000000080f00000, 0x0000000080f00000, 0x0000000081000000|  0%| F|  |TAMS 0x0000000080f00000, 0x0000000080f00000| Untracked 
|  16|0x0000000081000000, 0x0000000081000000, 0x0000000081100000|  0%| F|  |TAMS 0x0000000081000000, 0x0000000081000000| Untracked 
|  17|0x0000000081100000, 0x0000000081100000, 0x0000000081200000|  0%| F|  |TAMS 0x0000000081100000, 0x0000000081100000| Untracked 
|  18|0x0000000081200000, 0x0000000081200000, 0x0000000081300000|  0%| F|  |TAMS 0x0000000081200000, 0x0000000081200000| Untracked 
|  19|0x0000000081300000, 0x0000000081300000, 0x0000000081400000|  0%| F|  |TAMS 0x0000000081300000, 0x0000000081300000| Untracked 
|  20|0x0000000081400000, 0x0000000081400000, 0x0000000081500000|  0%| F|  |TAMS 0x0000000081400000, 0x0000000081400000| Untracked 
|  21|0x0000000081500000, 0x0000000081500000, 0x0000000081600000|  0%| F|  |TAMS 0x0000000081500000, 0x0000000081500000| Untracked 
|  22|0x0000000081600000, 0x0000000081600000, 0x0000000081700000|  0%| F|  |TAMS 0x0000000081600000, 0x0000000081600000| Untracked 
|  23|0x0000000081700000, 0x0000000081700000, 0x0000000081800000|  0%| F|  |TAMS 0x0000000081700000, 0x0000000081700000| Untracked 
|  24|0x0000000081800000, 0x0000000081800000, 0x0000000081900000|  0%| F|  |TAMS 0x0000000081800000, 0x0000000081800000| Untracked 
|  25|0x0000000081900000, 0x0000000081900000, 0x0000000081a00000|  0%| F|  |TAMS 0x0000000081900000, 0x0000000081900000| Untracked 
|  26|0x0000000081a00000, 0x0000000081a00000, 0x0000000081b00000|  0%| F|  |TAMS 0x0000000081a00000, 0x0000000081a00000| Untracked 
|  27|0x0000000081b00000, 0x0000000081b00000, 0x0000000081c00000|  0%| F|  |TAMS 0x0000000081b00000, 0x0000000081b00000| Untracked 
|  28|0x0000000081c00000, 0x0000000081c00000, 0x0000000081d00000|  0%| F|  |TAMS 0x0000000081c00000, 0x0000000081c00000| Untracked 
|  29|0x0000000081d00000, 0x0000000081d00000, 0x0000000081e00000|  0%| F|  |TAMS 0x0000000081d00000, 0x0000000081d00000| Untracked 
|  30|0x0000000081e00000, 0x0000000081e00000, 0x0000000081f00000|  0%| F|  |TAMS 0x0000000081e00000, 0x0000000081e00000| Untracked 
|  31|0x0000000081f00000, 0x0000000081f00000, 0x0000000082000000|  0%| F|  |TAMS 0x0000000081f00000, 0x0000000081f00000| Untracked 
|  32|0x0000000082000000, 0x0000000082000000, 0x0000000082100000|  0%| F|  |TAMS 0x0000000082000000, 0x0000000082000000| Untracked 
|  33|0x0000000082100000, 0x0000000082100000, 0x0000000082200000|  0%| F|  |TAMS 0x0000000082100000, 0x0000000082100000| Untracked 
|  34|0x0000000082200000, 0x0000000082200000, 0x0000000082300000|  0%| F|  |TAMS 0x0000000082200000, 0x0000000082200000| Untracked 
|  35|0x0000000082300000, 0x0000000082300000, 0x0000000082400000|  0%| F|  |TAMS 0x0000000082300000, 0x0000000082300000| Untracked 
|  36|0x0000000082400000, 0x0000000082400000, 0x0000000082500000|  0%| F|  |TAMS 0x0000000082400000, 0x0000000082400000| Untracked 
|  37|0x0000000082500000, 0x0000000082500000, 0x0000000082600000|  0%| F|  |TAMS 0x0000000082500000, 0x0000000082500000| Untracked 
|  38|0x0000000082600000, 0x0000000082600000, 0x0000000082700000|  0%| F|  |TAMS 0x0000000082600000, 0x0000000082600000| Untracked 
|  39|0x0000000082700000, 0x0000000082700000, 0x0000000082800000|  0%| F|  |TAMS 0x0000000082700000, 0x0000000082700000| Untracked 
|  40|0x0000000082800000, 0x0000000082800000, 0x0000000082900000|  0%| F|  |TAMS 0x0000000082800000, 0x0000000082800000| Untracked 
|  41|0x0000000082900000, 0x0000000082900000, 0x0000000082a00000|  0%| F|  |TAMS 0x0000000082900000, 0x0000000082900000| Untracked 
|  42|0x0000000082a00000, 0x0000000082a00000, 0x0000000082b00000|  0%| F|  |TAMS 0x0000000082a00000, 0x0000000082a00000| Untracked 
|  43|0x0000000082b00000, 0x0000000082b00000, 0x0000000082c00000|  0%| F|  |TAMS 0x0000000082b00000, 0x0000000082b00000| Untracked 
|  44|0x0000000082c00000, 0x0000000082c00000, 0x0000000082d00000|  0%| F|  |TAMS 0x0000000082c00000, 0x0000000082c00000| Untracked 
|  45|0x0000000082d00000, 0x0000000082d00000, 0x0000000082e00000|  0%| F|  |TAMS 0x0000000082d00000, 0x0000000082d00000| Untracked 
|  46|0x0000000082e00000, 0x0000000082e00000, 0x0000000082f00000|  0%| F|  |TAMS 0x0000000082e00000, 0x0000000082e00000| Untracked 
|  47|0x0000000082f00000, 0x0000000082f00000, 0x0000000083000000|  0%| F|  |TAMS 0x0000000082f00000, 0x0000000082f00000| Untracked 
|  48|0x0000000083000000, 0x0000000083000000, 0x0000000083100000|  0%| F|  |TAMS 0x0000000083000000, 0x0000000083000000| Untracked 
|  49|0x0000000083100000, 0x0000000083100000, 0x0000000083200000|  0%| F|  |TAMS 0x0000000083100000, 0x0000000083100000| Untracked 
|  50|0x0000000083200000, 0x0000000083200000, 0x0000000083300000|  0%| F|  |TAMS 0x0000000083200000, 0x0000000083200000| Untracked 
|  51|0x0000000083300000, 0x0000000083300000, 0x0000000083400000|  0%| F|  |TAMS 0x0000000083300000, 0x0000000083300000| Untracked 
|  52|0x0000000083400000, 0x0000000083400000, 0x0000000083500000|  0%| F|  |TAMS 0x0000000083400000, 0x0000000083400000| Untracked 
|  53|0x0000000083500000, 0x0000000083500000, 0x0000000083600000|  0%| F|  |TAMS 0x0000000083500000, 0x0000000083500000| Untracked 
|  54|0x0000000083600000, 0x0000000083600000, 0x0000000083700000|  0%| F|  |TAMS 0x0000000083600000, 0x0000000083600000| Untracked 
|  55|0x0000000083700000, 0x0000000083700000, 0x0000000083800000|  0%| F|  |TAMS 0x0000000083700000, 0x0000000083700000| Untracked 
|  56|0x0000000083800000, 0x0000000083800000, 0x0000000083900000|  0%| F|  |TAMS 0x0000000083800000, 0x0000000083800000| Untracked 
|  57|0x0000000083900000, 0x0000000083900000, 0x0000000083a00000|  0%| F|  |TAMS 0x0000000083900000, 0x0000000083900000| Untracked 
|  58|0x0000000083a00000, 0x0000000083a00000, 0x0000000083b00000|  0%| F|  |TAMS 0x0000000083a00000, 0x0000000083a00000| Untracked 
|  59|0x0000000083b00000, 0x0000000083b00000, 0x0000000083c00000|  0%| F|  |TAMS 0x0000000083b00000, 0x0000000083b00000| Untracked 
|  60|0x0000000083c00000, 0x0000000083c00000, 0x0000000083d00000|  0%| F|  |TAMS 0x0000000083c00000, 0x0000000083c00000| Untracked 
|  61|0x0000000083d00000, 0x0000000083d00000, 0x0000000083e00000|  0%| F|  |TAMS 0x0000000083d00000, 0x0000000083d00000| Untracked 
|  62|0x0000000083e00000, 0x0000000083e00000, 0x0000000083f00000|  0%| F|  |TAMS 0x0000000083e00000, 0x0000000083e00000| Untracked 
|  63|0x0000000083f00000, 0x0000000083f00000, 0x0000000084000000|  0%| F|  |TAMS 0x0000000083f00000, 0x0000000083f00000| Untracked 
|  64|0x0000000084000000, 0x0000000084000000, 0x0000000084100000|  0%| F|  |TAMS 0x0000000084000000, 0x0000000084000000| Untracked 
|  65|0x0000000084100000, 0x0000000084100000, 0x0000000084200000|  0%| F|  |TAMS 0x0000000084100000, 0x0000000084100000| Untracked 
|  66|0x0000000084200000, 0x0000000084200000, 0x0000000084300000|  0%| F|  |TAMS 0x0000000084200000, 0x0000000084200000| Untracked 
|  67|0x0000000084300000, 0x0000000084300000, 0x0000000084400000|  0%| F|  |TAMS 0x0000000084300000, 0x0000000084300000| Untracked 
|  68|0x0000000084400000, 0x0000000084400000, 0x0000000084500000|  0%| F|  |TAMS 0x0000000084400000, 0x0000000084400000| Untracked 
|  69|0x0000000084500000, 0x0000000084500000, 0x0000000084600000|  0%| F|  |TAMS 0x0000000084500000, 0x0000000084500000| Untracked 
|  70|0x0000000084600000, 0x0000000084600000, 0x0000000084700000|  0%| F|  |TAMS 0x0000000084600000, 0x0000000084600000| Untracked 
|  71|0x0000000084700000, 0x0000000084700000, 0x0000000084800000|  0%| F|  |TAMS 0x0000000084700000, 0x0000000084700000| Untracked 
|  72|0x0000000084800000, 0x0000000084800000, 0x0000000084900000|  0%| F|  |TAMS 0x0000000084800000, 0x0000000084800000| Untracked 
|  73|0x0000000084900000, 0x0000000084900000, 0x0000000084a00000|  0%| F|  |TAMS 0x0000000084900000, 0x0000000084900000| Untracked 
|  74|0x0000000084a00000, 0x0000000084a00000, 0x0000000084b00000|  0%| F|  |TAMS 0x0000000084a00000, 0x0000000084a00000| Untracked 
|  75|0x0000000084b00000, 0x0000000084b00800, 0x0000000084c00000|  0%| E|  |TAMS 0x0000000084b00000, 0x0000000084b00000| Complete 
|  76|0x0000000084c00000, 0x0000000084d00000, 0x0000000084d00000|100%| E|CS|TAMS 0x0000000084c00000, 0x0000000084c00000| Complete 
|  77|0x0000000084d00000, 0x0000000084e00000, 0x0000000084e00000|100%| E|CS|TAMS 0x0000000084d00000, 0x0000000084d00000| Complete 
|  78|0x0000000084e00000, 0x0000000084f00000, 0x0000000084f00000|100%| E|CS|TAMS 0x0000000084e00000, 0x0000000084e00000| Complete 
|  79|0x0000000084f00000, 0x0000000085000000, 0x0000000085000000|100%| E|CS|TAMS 0x0000000084f00000, 0x0000000084f00000| Complete 
|  80|0x0000000085000000, 0x0000000085100000, 0x0000000085100000|100%| E|CS|TAMS 0x0000000085000000, 0x0000000085000000| Complete 
|  81|0x0000000085100000, 0x0000000085200000, 0x0000000085200000|100%| E|CS|TAMS 0x0000000085100000, 0x0000000085100000| Complete 
|  82|0x0000000085200000, 0x0000000085300000, 0x0000000085300000|100%| E|CS|TAMS 0x0000000085200000, 0x0000000085200000| Complete 
|  83|0x0000000085300000, 0x0000000085400000, 0x0000000085400000|100%| E|CS|TAMS 0x0000000085300000, 0x0000000085300000| Complete 
|  84|0x0000000085400000, 0x0000000085500000, 0x0000000085500000|100%| E|CS|TAMS 0x0000000085400000, 0x0000000085400000| Complete 
|  85|0x0000000085500000, 0x0000000085600000, 0x0000000085600000|100%| E|CS|TAMS 0x0000000085500000, 0x0000000085500000| Complete 
|  86|0x0000000085600000, 0x0000000085700000, 0x0000000085700000|100%| E|CS|TAMS 0x0000000085600000, 0x0000000085600000| Complete 
|  87|0x0000000085700000, 0x0000000085800000, 0x0000000085800000|100%| E|CS|TAMS 0x0000000085700000, 0x0000000085700000| Complete 
|  88|0x0000000085800000, 0x0000000085900000, 0x0000000085900000|100%| E|CS|TAMS 0x0000000085800000, 0x0000000085800000| Complete 
|  89|0x0000000085900000, 0x0000000085a00000, 0x0000000085a00000|100%| E|CS|TAMS 0x0000000085900000, 0x0000000085900000| Complete 
|  90|0x0000000085a00000, 0x0000000085b00000, 0x0000000085b00000|100%| E|CS|TAMS 0x0000000085a00000, 0x0000000085a00000| Complete 
|  91|0x0000000085b00000, 0x0000000085c00000, 0x0000000085c00000|100%| E|CS|TAMS 0x0000000085b00000, 0x0000000085b00000| Complete 
|  92|0x0000000085c00000, 0x0000000085c67880, 0x0000000085d00000| 40%| S|CS|TAMS 0x0000000085c00000, 0x0000000085c00000| Complete 
|  93|0x0000000085d00000, 0x0000000085e00000, 0x0000000085e00000|100%| S|CS|TAMS 0x0000000085d00000, 0x0000000085d00000| Complete 
|  94|0x0000000085e00000, 0x0000000085f00000, 0x0000000085f00000|100%| S|CS|TAMS 0x0000000085e00000, 0x0000000085e00000| Complete 
|  95|0x0000000085f00000, 0x0000000086000000, 0x0000000086000000|100%| S|CS|TAMS 0x0000000085f00000, 0x0000000085f00000| Complete 
|  96|0x0000000086000000, 0x0000000086100000, 0x0000000086100000|100%| E|CS|TAMS 0x0000000086000000, 0x0000000086000000| Complete 
|  97|0x0000000086100000, 0x0000000086200000, 0x0000000086200000|100%| E|CS|TAMS 0x0000000086100000, 0x0000000086100000| Complete 
|  98|0x0000000086200000, 0x0000000086300000, 0x0000000086300000|100%| E|CS|TAMS 0x0000000086200000, 0x0000000086200000| Complete 
|  99|0x0000000086300000, 0x0000000086400000, 0x0000000086400000|100%| E|CS|TAMS 0x0000000086300000, 0x0000000086300000| Complete 
| 100|0x0000000086400000, 0x0000000086500000, 0x0000000086500000|100%| E|CS|TAMS 0x0000000086400000, 0x0000000086400000| Complete 
| 101|0x0000000086500000, 0x0000000086600000, 0x0000000086600000|100%| E|CS|TAMS 0x0000000086500000, 0x0000000086500000| Complete 
| 102|0x0000000086600000, 0x0000000086700000, 0x0000000086700000|100%| E|CS|TAMS 0x0000000086600000, 0x0000000086600000| Complete 
| 103|0x0000000086700000, 0x0000000086800000, 0x0000000086800000|100%| E|CS|TAMS 0x0000000086700000, 0x0000000086700000| Complete 
| 104|0x0000000086800000, 0x0000000086900000, 0x0000000086900000|100%| E|CS|TAMS 0x0000000086800000, 0x0000000086800000| Complete 
| 105|0x0000000086900000, 0x0000000086a00000, 0x0000000086a00000|100%| E|CS|TAMS 0x0000000086900000, 0x0000000086900000| Complete 
| 106|0x0000000086a00000, 0x0000000086b00000, 0x0000000086b00000|100%| E|CS|TAMS 0x0000000086a00000, 0x0000000086a00000| Complete 
| 107|0x0000000086b00000, 0x0000000086c00000, 0x0000000086c00000|100%| E|CS|TAMS 0x0000000086b00000, 0x0000000086b00000| Complete 
| 108|0x0000000086c00000, 0x0000000086d00000, 0x0000000086d00000|100%| E|CS|TAMS 0x0000000086c00000, 0x0000000086c00000| Complete 
| 109|0x0000000086d00000, 0x0000000086e00000, 0x0000000086e00000|100%| E|CS|TAMS 0x0000000086d00000, 0x0000000086d00000| Complete 
| 110|0x0000000086e00000, 0x0000000086f00000, 0x0000000086f00000|100%| E|CS|TAMS 0x0000000086e00000, 0x0000000086e00000| Complete 
| 111|0x0000000086f00000, 0x0000000087000000, 0x0000000087000000|100%| E|CS|TAMS 0x0000000086f00000, 0x0000000086f00000| Complete 
| 112|0x0000000087000000, 0x0000000087100000, 0x0000000087100000|100%| E|CS|TAMS 0x0000000087000000, 0x0000000087000000| Complete 
| 113|0x0000000087100000, 0x0000000087200000, 0x0000000087200000|100%| E|CS|TAMS 0x0000000087100000, 0x0000000087100000| Complete 
| 114|0x0000000087200000, 0x0000000087300000, 0x0000000087300000|100%| E|CS|TAMS 0x0000000087200000, 0x0000000087200000| Complete 
| 115|0x0000000087300000, 0x0000000087400000, 0x0000000087400000|100%| E|CS|TAMS 0x0000000087300000, 0x0000000087300000| Complete 
| 116|0x0000000087400000, 0x0000000087500000, 0x0000000087500000|100%| E|CS|TAMS 0x0000000087400000, 0x0000000087400000| Complete 
| 117|0x0000000087500000, 0x0000000087600000, 0x0000000087600000|100%| E|CS|TAMS 0x0000000087500000, 0x0000000087500000| Complete 
| 118|0x0000000087600000, 0x0000000087700000, 0x0000000087700000|100%| E|CS|TAMS 0x0000000087600000, 0x0000000087600000| Complete 
| 119|0x0000000087700000, 0x0000000087800000, 0x0000000087800000|100%| E|CS|TAMS 0x0000000087700000, 0x0000000087700000| Complete 
| 120|0x0000000087800000, 0x0000000087900000, 0x0000000087900000|100%| E|CS|TAMS 0x0000000087800000, 0x0000000087800000| Complete 
| 121|0x0000000087900000, 0x0000000087a00000, 0x0000000087a00000|100%| E|CS|TAMS 0x0000000087900000, 0x0000000087900000| Complete 
| 122|0x0000000087a00000, 0x0000000087b00000, 0x0000000087b00000|100%| E|CS|TAMS 0x0000000087a00000, 0x0000000087a00000| Complete 
| 123|0x0000000087b00000, 0x0000000087c00000, 0x0000000087c00000|100%| E|CS|TAMS 0x0000000087b00000, 0x0000000087b00000| Complete 
| 124|0x0000000087c00000, 0x0000000087d00000, 0x0000000087d00000|100%| E|CS|TAMS 0x0000000087c00000, 0x0000000087c00000| Complete 
| 125|0x0000000087d00000, 0x0000000087e00000, 0x0000000087e00000|100%| E|CS|TAMS 0x0000000087d00000, 0x0000000087d00000| Complete 
| 126|0x0000000087e00000, 0x0000000087f00000, 0x0000000087f00000|100%| E|CS|TAMS 0x0000000087e00000, 0x0000000087e00000| Complete 
| 127|0x0000000087f00000, 0x0000000088000000, 0x0000000088000000|100%| E|CS|TAMS 0x0000000087f00000, 0x0000000087f00000| Complete 

Card table byte_map: [0x00000207480b0000,0x00000207484b0000] _byte_map_base: 0x0000020747cb0000

Marking Bits (Prev, Next): (CMBitMap*) 0x000002072f4ee880, (CMBitMap*) 0x000002072f4ee848
 Prev Bits: [0x000002074a8b0000, 0x000002074c8b0000)
 Next Bits: [0x00000207488b0000, 0x000002074a8b0000)

Polling page: 0x0000020730de0000

Metaspace:

Usage:
  Non-class:     29.00 MB capacity,    28.54 MB ( 98%) used,   363.63 KB (  1%) free+waste,   106.88 KB ( <1%) overhead. 
      Class:      4.08 MB capacity,     3.71 MB ( 91%) used,   320.43 KB (  8%) free+waste,    52.25 KB (  1%) overhead. 
       Both:     33.08 MB capacity,    32.25 MB ( 98%) used,   684.06 KB (  2%) free+waste,   159.13 KB ( <1%) overhead. 

Virtual space:
  Non-class space:       32.00 MB reserved,      29.17 MB ( 91%) committed 
      Class space:        1.00 GB reserved,       4.13 MB ( <1%) committed 
             Both:        1.03 GB reserved,      33.30 MB (  3%) committed 

Chunk freelists:
   Non-Class:  5.75 KB
       Class:  2.25 KB
        Both:  8.00 KB

CodeHeap 'non-profiled nmethods': size=120064Kb used=1248Kb max_used=1248Kb free=118815Kb
 bounds [0x0000020740770000, 0x00000207409e0000, 0x0000020747cb0000]
CodeHeap 'profiled nmethods': size=120000Kb used=6840Kb max_used=6840Kb free=113159Kb
 bounds [0x0000020739240000, 0x00000207398f0000, 0x0000020740770000]
CodeHeap 'non-nmethods': size=5696Kb used=1146Kb max_used=1166Kb free=4549Kb
 bounds [0x0000020738cb0000, 0x0000020738f20000, 0x0000020739240000]
 total_blobs=3575 nmethods=3114 adapters=372
 compilation: enabled
              stopped_count=0, restarted_count=0
 full_count=0

Compilation events (10 events):
Event: 8.495 Thread 0x000002074eaab000 3111       3       org.springframework.core.annotation.TypeMappedAnnotations$IsPresent::doWithAnnotations (10 bytes)
Event: 8.495 Thread 0x000002074eaab000 nmethod 3111 0x00000207398ea790 code [0x00000207398ea940, 0x00000207398eaa68]
Event: 8.515 Thread 0x000002074eaab000 3112   !   3       java.util.zip.Inflater::getBytesWritten (23 bytes)
Event: 8.515 Thread 0x000002074eaab000 nmethod 3112 0x00000207398eab10 code [0x00000207398eacc0, 0x00000207398eafa8]
Event: 8.549 Thread 0x000002074eaab000 3113       3       java.nio.ByteBuffer::array (35 bytes)
Event: 8.549 Thread 0x000002074eaab000 nmethod 3113 0x00000207398eb110 code [0x00000207398eb2e0, 0x00000207398eb598]
Event: 8.549 Thread 0x000002074eaab000 3114       3       sun.nio.cs.UTF_8$Decoder::decodeLoop (28 bytes)
Event: 8.550 Thread 0x000002074eaab000 nmethod 3114 0x00000207398eb710 code [0x00000207398eb8e0, 0x00000207398ebcb8]
Event: 8.550 Thread 0x000002074eaab000 3115       1       java.nio.Buffer::capacity (5 bytes)
Event: 8.550 Thread 0x000002074eaab000 nmethod 3115 0x00000207408a7a90 code [0x00000207408a7c20, 0x00000207408a7cd8]

GC Heap History (10 events):
Event: 3.951 GC heap before
{Heap before GC invocations=1 (full 0):
 garbage-first heap   total 131072K, used 8501K [0x0000000080000000, 0x0000000100000000)
  region size 1024K, 6 young (6144K), 1 survivors (1024K)
 Metaspace       used 9893K, capacity 10086K, committed 10240K, reserved 1058816K
  class space    used 907K, capacity 955K, committed 1024K, reserved 1048576K
}
Event: 3.956 GC heap after
{Heap after GC invocations=2 (full 0):
 garbage-first heap   total 131072K, used 4369K [0x0000000080000000, 0x0000000100000000)
  region size 1024K, 1 young (1024K), 1 survivors (1024K)
 Metaspace       used 9893K, capacity 10086K, committed 10240K, reserved 1058816K
  class space    used 907K, capacity 955K, committed 1024K, reserved 1048576K
}
Event: 4.405 GC heap before
{Heap before GC invocations=2 (full 0):
 garbage-first heap   total 131072K, used 13585K [0x0000000080000000, 0x0000000100000000)
  region size 1024K, 10 young (10240K), 1 survivors (1024K)
 Metaspace       used 12578K, capacity 12803K, committed 12928K, reserved 1060864K
  class space    used 1251K, capacity 1358K, committed 1408K, reserved 1048576K
}
Event: 4.410 GC heap after
{Heap after GC invocations=3 (full 0):
 garbage-first heap   total 131072K, used 4979K [0x0000000080000000, 0x0000000100000000)
  region size 1024K, 2 young (2048K), 2 survivors (2048K)
 Metaspace       used 12578K, capacity 12803K, committed 12928K, reserved 1060864K
  class space    used 1251K, capacity 1358K, committed 1408K, reserved 1048576K
}
Event: 5.036 GC heap before
{Heap before GC invocations=3 (full 0):
 garbage-first heap   total 131072K, used 18291K [0x0000000080000000, 0x0000000100000000)
  region size 1024K, 16 young (16384K), 2 survivors (2048K)
 Metaspace       used 16696K, capacity 17116K, committed 17408K, reserved 1064960K
  class space    used 1796K, capacity 1977K, committed 2048K, reserved 1048576K
}
Event: 5.044 GC heap after
{Heap after GC invocations=4 (full 0):
 garbage-first heap   total 131072K, used 6133K [0x0000000080000000, 0x0000000100000000)
  region size 1024K, 2 young (2048K), 2 survivors (2048K)
 Metaspace       used 16696K, capacity 17116K, committed 17408K, reserved 1064960K
  class space    used 1796K, capacity 1977K, committed 2048K, reserved 1048576K
}
Event: 5.620 GC heap before
{Heap before GC invocations=4 (full 0):
 garbage-first heap   total 131072K, used 22517K [0x0000000080000000, 0x0000000100000000)
  region size 1024K, 20 young (20480K), 2 survivors (2048K)
 Metaspace       used 20680K, capacity 21150K, committed 21296K, reserved 1069056K
  class space    used 2235K, capacity 2411K, committed 2432K, reserved 1048576K
}
Event: 5.628 GC heap after
{Heap after GC invocations=5 (full 0):
 garbage-first heap   total 131072K, used 6656K [0x0000000080000000, 0x0000000100000000)
  region size 1024K, 3 young (3072K), 3 survivors (3072K)
 Metaspace       used 20680K, capacity 21150K, committed 21296K, reserved 1069056K
  class space    used 2235K, capacity 2411K, committed 2432K, reserved 1048576K
}
Event: 6.553 GC heap before
{Heap before GC invocations=6 (full 0):
 garbage-first heap   total 131072K, used 35328K [0x0000000080000000, 0x0000000100000000)
  region size 1024K, 32 young (32768K), 3 survivors (3072K)
 Metaspace       used 24808K, capacity 25410K, committed 25520K, reserved 1071104K
  class space    used 2781K, capacity 3021K, committed 3072K, reserved 1048576K
}
Event: 6.567 GC heap after
{Heap after GC invocations=7 (full 0):
 garbage-first heap   total 131072K, used 8342K [0x0000000080000000, 0x0000000100000000)
  region size 1024K, 4 young (4096K), 4 survivors (4096K)
 Metaspace       used 24808K, capacity 25410K, committed 25520K, reserved 1071104K
  class space    used 2781K, capacity 3021K, committed 3072K, reserved 1048576K
}

Deoptimization events (10 events):
Event: 7.604 Thread 0x0000020731601000 Uncommon trap: reason=class_check action=maybe_recompile pc=0x00000207407e5a90 method=java.lang.invoke.LambdaForm$Name.replaceNames([Ljava/lang/invoke/LambdaForm$Name;[Ljava/lang/invoke/LambdaForm$Name;II)Ljava/lang/invoke/LambdaForm$Name; @ 33 c2
Event: 7.779 Thread 0x0000020731601000 Uncommon trap: reason=unstable_if action=reinterpret pc=0x00000207407c7f84 method=sun.net.www.ParseUtil.firstEncodeIndex(Ljava/lang/String;)I @ 51 c2
Event: 7.848 Thread 0x0000020731601000 Uncommon trap: reason=unstable_if action=reinterpret pc=0x000002074080ce7c method=java.util.LinkedHashMap.get(Ljava/lang/Object;)Ljava/lang/Object; @ 20 c2
Event: 7.856 Thread 0x0000020731601000 Uncommon trap: reason=unstable_if action=reinterpret pc=0x000002074081dc1c method=java.util.Properties.loadConvert([CIILjava/lang/StringBuilder;)Ljava/lang/String; @ 26 c2
Event: 8.113 Thread 0x0000020731601000 Uncommon trap: reason=intrinsic_or_type_checked_inlining action=make_not_entrant pc=0x0000020740895448 method=java.util.ArrayList.toArray([Ljava/lang/Object;)[Ljava/lang/Object; @ 36 c2
Event: 8.303 Thread 0x0000020731601000 Uncommon trap: reason=null_check action=make_not_entrant pc=0x00000207408133bc method=java.net.URL.getURLStreamHandler(Ljava/lang/String;)Ljava/net/URLStreamHandler; @ 7 c2
Event: 8.310 Thread 0x0000020731601000 Uncommon trap: reason=class_check action=maybe_recompile pc=0x0000020740854c38 method=java.util.zip.InflaterInputStream.read([BII)I @ 100 c2
Event: 8.310 Thread 0x0000020731601000 Uncommon trap: reason=class_check action=maybe_recompile pc=0x0000020740854c38 method=java.util.zip.InflaterInputStream.read([BII)I @ 100 c2
Event: 8.313 Thread 0x0000020731601000 Uncommon trap: reason=class_check action=maybe_recompile pc=0x0000020740854c38 method=java.util.zip.InflaterInputStream.read([BII)I @ 100 c2
Event: 8.313 Thread 0x0000020731601000 Uncommon trap: reason=class_check action=maybe_recompile pc=0x0000020740854c38 method=java.util.zip.InflaterInputStream.read([BII)I @ 100 c2

Classes redefined (0 events):
No events

Internal exceptions (10 events):
Event: 7.603 Thread 0x0000020731601000 Exception <a 'java/lang/NoSuchMethodError'{0x00000000865f4968}: java.lang.invoke.DelegatingMethodHandle$Holder.delegate(Ljava/lang/Object;Ljava/lang/Object;ILjava/lang/Object;)V> (0x00000000865f4968) thrown at [./open/src/hotspot/share/interpreter/linkRes
Event: 7.700 Thread 0x0000020731601000 Exception <a 'java/lang/NoSuchMethodError'{0x0000000086346590}: java.lang.invoke.DirectMethodHandle$Holder.invokeInterface(Ljava/lang/Object;Ljava/lang/Object;I)V> (0x0000000086346590) thrown at [./open/src/hotspot/share/interpreter/linkResolver.cpp, line
Event: 7.702 Thread 0x0000020731601000 Exception <a 'java/lang/NoSuchMethodError'{0x000000008635e930}: java.lang.invoke.DirectMethodHandle$Holder.invokeVirtual(Ljava/lang/Object;Ljava/lang/Object;)I> (0x000000008635e930) thrown at [./open/src/hotspot/share/interpreter/linkResolver.cpp, line 77
Event: 7.707 Thread 0x0000020731601000 Exception <a 'java/lang/IncompatibleClassChangeError'{0x0000000086394de0}: Found class java.lang.Object, but interface was expected> (0x0000000086394de0) thrown at [./open/src/hotspot/share/interpreter/linkResolver.cpp, line 838]
Event: 7.707 Thread 0x0000020731601000 Exception <a 'java/lang/NoSuchMethodError'{0x0000000086399c80}: java.lang.invoke.DirectMethodHandle$Holder.invokeStatic(Ljava/lang/Object;ILjava/lang/Object;)V> (0x0000000086399c80) thrown at [./open/src/hotspot/share/interpreter/linkResolver.cpp, line 77
Event: 7.887 Thread 0x0000020731601000 Exception <a 'java/lang/NoSuchMethodError'{0x0000000085bce560}: java.lang.invoke.DirectMethodHandle$Holder.invokeStaticInit(Ljava/lang/Object;IIII)Ljava/lang/Object;> (0x0000000085bce560) thrown at [./open/src/hotspot/share/interpreter/linkResolver.cpp, l
Event: 7.997 Thread 0x0000020731601000 Exception <a 'java/lang/NoSuchMethodError'{0x0000000085a02f10}: java.lang.invoke.DirectMethodHandle$Holder.invokeStaticInit(Ljava/lang/Object;Ljava/lang/Object;IIII)Ljava/lang/Object;> (0x0000000085a02f10) thrown at [./open/src/hotspot/share/interpreter/l
Event: 8.303 Thread 0x0000020731601000 Implicit null exception at 0x00000207408115dc to 0x00000207408133ac
Event: 8.397 Thread 0x0000020731601000 Exception <a 'java/io/FileNotFoundException'{0x000000008505da58}> (0x000000008505da58) thrown at [./open/src/hotspot/share/prims/jni.cpp, line 611]
Event: 8.449 Thread 0x0000020731601000 Exception <a 'java/lang/NoSuchMethodError'{0x0000000084f9efa0}: java.lang.invoke.DirectMethodHandle$Holder.invokeInterface(Ljava/lang/Object;Ljava/lang/Object;Ljava/lang/Object;Ljava/lang/Object;)I> (0x0000000084f9efa0) thrown at [./open/src/hotspot/share

Events (10 events):
Event: 8.546 loading class javax/websocket/Session
Event: 8.546 loading class javax/websocket/Session done
Event: 8.547 loading class org/apache/tomcat/websocket/LocalStrings
Event: 8.547 loading class org/apache/tomcat/websocket/LocalStrings done
Event: 8.551 loading class org/apache/tomcat/websocket/server/LocalStrings
Event: 8.551 loading class org/apache/tomcat/websocket/server/LocalStrings done
Event: 8.552 loading class javax/websocket/CloseReason
Event: 8.552 loading class javax/websocket/CloseReason done
Event: 8.552 loading class javax/websocket/CloseReason$CloseCodes
Event: 8.552 loading class javax/websocket/CloseReason$CloseCodes done


Dynamic libraries:
0x00007ff606280000 - 0x00007ff60628f000 	C:\Program Files\Java\jdk-11.0.15\bin\java.exe
0x00007ff8d1770000 - 0x00007ff8d1968000 	C:\Windows\SYSTEM32\ntdll.dll
0x00007ff8cfe00000 - 0x00007ff8cfebd000 	C:\Windows\System32\KERNEL32.DLL
0x00007ff8cef30000 - 0x00007ff8cf1fe000 	C:\Windows\System32\KERNELBASE.dll
0x00007ff8cf310000 - 0x00007ff8cf410000 	C:\Windows\System32\ucrtbase.dll
0x00007ff8ba400000 - 0x00007ff8ba418000 	C:\Program Files\Java\jdk-11.0.15\bin\jli.dll
0x00007ff8cfd50000 - 0x00007ff8cfdfe000 	C:\Windows\System32\ADVAPI32.dll
0x00007ff8d0540000 - 0x00007ff8d05de000 	C:\Windows\System32\msvcrt.dll
0x00007ff8d04a0000 - 0x00007ff8d053c000 	C:\Windows\System32\sechost.dll
0x00007ff8d15f0000 - 0x00007ff8d1715000 	C:\Windows\System32\RPCRT4.dll
0x00007ff8d0840000 - 0x00007ff8d09e0000 	C:\Windows\System32\USER32.dll
0x00007ff8cf5b0000 - 0x00007ff8cf5d2000 	C:\Windows\System32\win32u.dll
0x00007ff8d0330000 - 0x00007ff8d035a000 	C:\Windows\System32\GDI32.dll
0x00007ff8cf200000 - 0x00007ff8cf30b000 	C:\Windows\System32\gdi32full.dll
0x00007ff8cee90000 - 0x00007ff8cef2d000 	C:\Windows\System32\msvcp_win.dll
0x00007ff8ba3e0000 - 0x00007ff8ba3f5000 	C:\Program Files\Java\jdk-11.0.15\bin\VCRUNTIME140.dll
0x00007ff8ba140000 - 0x00007ff8ba3da000 	C:\Windows\WinSxS\amd64_microsoft.windows.common-controls_6595b64144ccf1df_6.0.19041.1110_none_60b5254171f9507e\COMCTL32.dll
0x00007ff8c72e0000 - 0x00007ff8c72ea000 	C:\Windows\SYSTEM32\VERSION.dll
0x00007ff8d0410000 - 0x00007ff8d0440000 	C:\Windows\System32\IMM32.DLL
0x00007ff8ba0a0000 - 0x00007ff8ba13b000 	C:\Program Files\Java\jdk-11.0.15\bin\msvcp140.dll
0x00007ff8b9400000 - 0x00007ff8b9f16000 	C:\Program Files\Java\jdk-11.0.15\bin\server\jvm.dll
0x00007ff8cf8c0000 - 0x00007ff8cf8c8000 	C:\Windows\System32\PSAPI.DLL
0x00007ff8bd2f0000 - 0x00007ff8bd2f9000 	C:\Windows\SYSTEM32\WSOCK32.dll
0x00007ff8d0cc0000 - 0x00007ff8d0d2b000 	C:\Windows\System32\WS2_32.dll
0x00007ff8ba070000 - 0x00007ff8ba097000 	C:\Windows\SYSTEM32\WINMM.dll
0x00007ff8ccd70000 - 0x00007ff8ccd82000 	C:\Windows\SYSTEM32\kernel.appcore.dll
0x00007ff8ba060000 - 0x00007ff8ba070000 	C:\Program Files\Java\jdk-11.0.15\bin\verify.dll
0x00007ff8bd100000 - 0x00007ff8bd2e4000 	C:\Windows\SYSTEM32\DBGHELP.DLL
0x00007ff8be290000 - 0x00007ff8be2bc000 	C:\Windows\SYSTEM32\dbgcore.DLL
0x00007ff8cf5e0000 - 0x00007ff8cf662000 	C:\Windows\System32\bcryptPrimitives.dll
0x00007ff8ba030000 - 0x00007ff8ba058000 	C:\Program Files\Java\jdk-11.0.15\bin\java.dll
0x00007ff8ba020000 - 0x00007ff8ba02a000 	C:\Program Files\Java\jdk-11.0.15\bin\jimage.dll
0x00007ff8b6360000 - 0x00007ff8b636e000 	C:\Program Files\Java\jdk-11.0.15\bin\instrument.dll
0x00007ff8ba000000 - 0x00007ff8ba016000 	C:\Program Files\Java\jdk-11.0.15\bin\zip.dll
0x00007ff8d0e40000 - 0x00007ff8d1584000 	C:\Windows\System32\SHELL32.dll
0x00007ff8ccf70000 - 0x00007ff8cd704000 	C:\Windows\SYSTEM32\windows.storage.dll
0x00007ff8cf9e0000 - 0x00007ff8cfd34000 	C:\Windows\System32\combase.dll
0x00007ff8ce740000 - 0x00007ff8ce770000 	C:\Windows\SYSTEM32\Wldp.dll
0x00007ff8d0360000 - 0x00007ff8d040d000 	C:\Windows\System32\SHCORE.dll
0x00007ff8d0440000 - 0x00007ff8d0495000 	C:\Windows\System32\shlwapi.dll
0x00007ff8cedd0000 - 0x00007ff8cedef000 	C:\Windows\SYSTEM32\profapi.dll
0x00007ff8b9f30000 - 0x00007ff8b9f49000 	C:\Program Files\Java\jdk-11.0.15\bin\net.dll
0x00007ff8c6a20000 - 0x00007ff8c6b2a000 	C:\Windows\SYSTEM32\WINHTTP.dll
0x00007ff8ce520000 - 0x00007ff8ce58a000 	C:\Windows\system32\mswsock.dll
0x00007ff8b9090000 - 0x00007ff8b90a2000 	C:\Program Files\Java\jdk-11.0.15\bin\nio.dll
0x00007ff8a8900000 - 0x00007ff8a891a000 	C:\Program Files\JetBrains\IntelliJ IDEA Community Edition 2022.2.1\bin\breakgen64.dll
0x00007ff8b7a90000 - 0x00007ff8b7a99000 	C:\Program Files\Java\jdk-11.0.15\bin\management.dll
0x00007ff8b7a80000 - 0x00007ff8b7a8b000 	C:\Program Files\Java\jdk-11.0.15\bin\management_ext.dll
0x00007ff8b4f20000 - 0x00007ff8b4f37000 	C:\Windows\system32\napinsp.dll
0x00007ff8b4f00000 - 0x00007ff8b4f1b000 	C:\Windows\system32\pnrpnsp.dll
0x00007ff8b4ee0000 - 0x00007ff8b4ef5000 	C:\Windows\system32\wshbth.dll
0x00007ff8ca6f0000 - 0x00007ff8ca70d000 	C:\Windows\system32\NLAapi.dll
0x00007ff8ce230000 - 0x00007ff8ce26b000 	C:\Windows\SYSTEM32\IPHLPAPI.DLL
0x00007ff8ce270000 - 0x00007ff8ce33a000 	C:\Windows\SYSTEM32\DNSAPI.dll
0x00007ff8d1720000 - 0x00007ff8d1728000 	C:\Windows\System32\NSI.dll
0x00007ff8b4ec0000 - 0x00007ff8b4ed2000 	C:\Windows\System32\winrnr.dll
0x00007ff8c61c0000 - 0x00007ff8c61ca000 	C:\Windows\System32\rasadhlp.dll
0x00007ff8c6940000 - 0x00007ff8c69c0000 	C:\Windows\System32\fwpuclnt.dll
0x00007ff8cf460000 - 0x00007ff8cf487000 	C:\Windows\System32\bcrypt.dll
0x00007ff8ce780000 - 0x00007ff8ce798000 	C:\Windows\SYSTEM32\CRYPTSP.dll
0x00007ff8cdec0000 - 0x00007ff8cdef4000 	C:\Windows\system32\rsaenh.dll
0x00007ff8ced90000 - 0x00007ff8cedbe000 	C:\Windows\SYSTEM32\USERENV.dll
0x00007ff8ce6b0000 - 0x00007ff8ce6bc000 	C:\Windows\SYSTEM32\CRYPTBASE.dll
0x00007ff8c7950000 - 0x00007ff8c7967000 	C:\Windows\SYSTEM32\dhcpcsvc6.DLL
0x00007ff8c7840000 - 0x00007ff8c785d000 	C:\Windows\SYSTEM32\dhcpcsvc.DLL

dbghelp: loaded successfully - version: 4.0.5 - missing functions: none
symbol engine: initialized successfully - sym options: 0x614 - pdb path: .;C:\Program Files\Java\jdk-11.0.15\bin;C:\Windows\SYSTEM32;C:\Windows\WinSxS\amd64_microsoft.windows.common-controls_6595b64144ccf1df_6.0.19041.1110_none_60b5254171f9507e;C:\Program Files\Java\jdk-11.0.15\bin\server;C:\Program Files\JetBrains\IntelliJ IDEA Community Edition 2022.2.1\bin

VM Arguments:
jvm_args: -javaagent:C:\Program Files\JetBrains\IntelliJ IDEA Community Edition 2022.2.1\lib\idea_rt.jar=55720:C:\Program Files\JetBrains\IntelliJ IDEA Community Edition 2022.2.1\bin -Dfile.encoding=UTF-8 
java_command: com.training.messaging.standaloneactivemqexample.StandaloneActivemqExampleApplication
java_class_path (initial): C:\Users\sfjbs\Downloads\spring_boot_activemq-main\spring_boot_activemq-main\standalone-spring-boot-activemq\target\classes;C:\Users\sfjbs\.m2\repository\org\springframework\boot\spring-boot-starter-activemq\2.6.2\spring-boot-starter-activemq-2.6.2.jar;C:\Users\sfjbs\.m2\repository\org\springframework\boot\spring-boot-starter\2.6.2\spring-boot-starter-2.6.2.jar;C:\Users\sfjbs\.m2\repository\org\springframework\boot\spring-boot\2.6.2\spring-boot-2.6.2.jar;C:\Users\sfjbs\.m2\repository\org\springframework\boot\spring-boot-autoconfigure\2.6.2\spring-boot-autoconfigure-2.6.2.jar;C:\Users\sfjbs\.m2\repository\org\springframework\boot\spring-boot-starter-logging\2.6.2\spring-boot-starter-logging-2.6.2.jar;C:\Users\sfjbs\.m2\repository\ch\qos\logback\logback-classic\1.2.9\logback-classic-1.2.9.jar;C:\Users\sfjbs\.m2\repository\ch\qos\logback\logback-core\1.2.9\logback-core-1.2.9.jar;C:\Users\sfjbs\.m2\repository\org\apache\logging\log4j\log4j-to-slf4j\2.17.0\log4j-to-slf4j-2.17.0.jar;C:\Users\sfjbs\.m2\repository\org\apache\logging\log4j\log4j-api\2.17.0\log4j-api-2.17.0.jar;C:\Users\sfjbs\.m2\repository\org\slf4j\jul-to-slf4j\1.7.32\jul-to-slf4j-1.7.32.jar;C:\Users\sfjbs\.m2\repository\jakarta\annotation\jakarta.annotation-api\1.3.5\jakarta.annotation-api-1.3.5.jar;C:\Users\sfjbs\.m2\repository\org\yaml\snakeyaml\1.29\snakeyaml-1.29.jar;C:\Users\sfjbs\.m2\repository\org\springframework\spring-jms\5.3.14\spring-jms-5.3.14.jar;C:\Users\sfjbs\.m2\repository\org\springframework\spring-beans\5.3.14\spring-beans-5.3.14.jar;C:\Users\sfjbs\.m2\repository\org\springframework\spring-messaging\5.3.14\spring-messaging-5.3.14.jar;C:\Users\sfjbs\.m2\repository\org\springframework\spring-tx\5.3.14\spring-tx-5.3.14.jar;C:\Users\sfjbs\.m2\repository\org\apache\activemq\activemq-broker\5.16.3\activemq-broker-5.16.3.jar;C:\Users\sfjbs\.m2\repository\org\apache\activemq\activemq-client\5.16.3\activemq-client-5.16.3.jar;C:\Users\sfjbs\.m2\repository\org\fusesource
Launcher Type: SUN_STANDARD

[Global flags]
     intx CICompilerCount                          = 2                                         {product} {ergonomic}
     uint ConcGCThreads                            = 1                                         {product} {ergonomic}
     uint G1ConcRefinementThreads                  = 2                                         {product} {ergonomic}
   size_t G1HeapRegionSize                         = 1048576                                   {product} {ergonomic}
    uintx GCDrainStackTargetSize                   = 64                                        {product} {ergonomic}
   size_t InitialHeapSize                          = 134217728                                 {product} {ergonomic}
   size_t MarkStackSize                            = 4194304                                   {product} {ergonomic}
   size_t MaxHeapSize                              = 2147483648                                {product} {ergonomic}
   size_t MaxNewSize                               = 1287651328                                {product} {ergonomic}
   size_t MinHeapDeltaBytes                        = 1048576                                   {product} {ergonomic}
    uintx NonNMethodCodeHeapSize                   = 5825164                                {pd product} {ergonomic}
    uintx NonProfiledCodeHeapSize                  = 122916538                              {pd product} {ergonomic}
    uintx ProfiledCodeHeapSize                     = 122916538                              {pd product} {ergonomic}
    uintx ReservedCodeCacheSize                    = 251658240                              {pd product} {ergonomic}
     bool SegmentedCodeCache                       = true                                      {product} {ergonomic}
     bool UseCompressedClassPointers               = true                                 {lp64_product} {ergonomic}
     bool UseCompressedOops                        = true                                 {lp64_product} {ergonomic}
     bool UseG1GC                                  = true                                      {product} {ergonomic}
     bool UseLargePagesIndividualAllocation        = false                                  {pd product} {ergonomic}

Logging:
Log output configuration:
 #0: stdout all=warning uptime,level,tags
 #1: stderr all=off uptime,level,tags

Environment Variables:
PATH=C:\Program Files\Common Files\Oracle\Java\javapath;C:\Windows\system32;C:\Windows;C:\Windows\System32\Wbem;C:\Windows\System32\WindowsPowerShell\v1.0\;C:\Windows\System32\OpenSSH\;C:\Program Files\PuTTY\;C:\Program Files\Git\cmd;C:\Program Files\Docker\Docker\resources\bin;C:\ProgramData\DockerDesktop\version-bin;C:\Users\sfjbs\Downloads\apache-maven-3.8.6-bin\apache-maven-3.8.6\bin;C:\Users\sfjbs\Downloads\apache-maven-3.8.6-bin\apache-maven-3.8.6\lib;C:\Users\sfjbs\AppData\Local\Microsoft\WindowsApps;C:\Program Files\JetBrains\IntelliJ IDEA Community Edition 2022.2.1\bin;;C:\Users\sfjbs\Downloads\apache-maven-3.8.6-bin\apache-maven-3.8.6\bin;C:\Users\sfjbs\Downloads\apache-maven-3.8.6-bin\apache-maven-3.8.6\lib;
USERNAME=sfjbs
OS=Windows_NT
PROCESSOR_IDENTIFIER=Intel64 Family 6 Model 85 Stepping 7, GenuineIntel



---------------  S Y S T E M  ---------------

OS: Windows 10 , 64 bit Build 19041 (10.0.19041.1889)
Hyper-V role detected

CPU:total 2 (initial active 2) (1 cores per cpu, 2 threads per core) family 6 model 85 stepping 7 microcode 0xffffffff, cmov, cx8, fxsr, mmx, sse, sse2, sse3, ssse3, sse4.1, sse4.2, popcnt, avx, avx2, aes, clmul, erms, rtm, 3dnowpref, lzcnt, ht, tsc, bmi1, bmi2, adx, evex, fma

Memory: 4k page, system-wide physical 8190M (1465M free)
TotalPageFile size 10238M (AvailPageFile size 4M)
current process WorkingSet (physical memory assigned to process): 148M, peak: 148M
current process commit charge ("private bytes"): 247M, peak: 247M

vm_info: Java HotSpot(TM) 64-Bit Server VM (11.0.15+8-LTS-149) for windows-amd64 JRE (11.0.15+8-LTS-149), built on Mar  9 2022 22:42:32 by "mach5one" with MS VC++ 15.9 (VS2017)

END.
