#
# There is insufficient memory for the Java Runtime Environment to continue.
# Native memory allocation (mmap) failed to map 65536 bytes for Failed to commit area from 0x000001d5b8a50000 to 0x000001d5b8a60000 of length 65536.
# Possible reasons:
#   The system is out of physical RAM or swap space
#   The process is running with CompressedOops enabled, and the Java Heap may be blocking the growth of the native heap
# Possible solutions:
#   Reduce memory load on the system
#   Increase physical memory or swap space
#   Check if swap backing store is full
#   Decrease Java heap size (-Xmx/-Xms)
#   Decrease number of Java threads
#   Decrease Java thread stack sizes (-Xss)
#   Set larger code cache with -XX:ReservedCodeCacheSize=
#   JVM is running with Unscaled Compressed Oops mode in which the Java heap is
#     placed in the first 4GB address space. The Java Heap base address is the
#     maximum limit for the native heap growth. Please use -XX:HeapBaseMinAddress
#     to set the Java Heap base and to place the Java Heap above 4GB virtual address.
# This output file may be truncated or incomplete.
#
#  Out of Memory Error (./open/src/hotspot/os/windows/os_windows.cpp:3287), pid=11408, tid=12096
#
# JRE version: Java(TM) SE Runtime Environment 18.9 (11.0.15+8) (build 11.0.15+8-LTS-149)
# Java VM: Java HotSpot(TM) 64-Bit Server VM 18.9 (11.0.15+8-LTS-149, mixed mode, tiered, compressed oops, g1 gc, windows-amd64)
# No core dump will be written. Minidumps are not enabled by default on client versions of Windows
#

---------------  S U M M A R Y ------------

Command Line: -javaagent:C:\Program Files\JetBrains\IntelliJ IDEA Community Edition 2022.2.1\lib\idea_rt.jar=59118:C:\Program Files\JetBrains\IntelliJ IDEA Community Edition 2022.2.1\bin -Dfile.encoding=UTF-8 com.training.jwt.api.SpringSecurityJwtExampleApplication

Host: Intel(R) Xeon(R) Platinum 8272CL CPU @ 2.60GHz, 2 cores, 7G,  Windows 10 , 64 bit Build 19041 (10.0.19041.1889)
Time: Sat Sep  3 11:10:47 2022 Coordinated Universal Time elapsed time: 7.360369 seconds (0d 0h 0m 7s)

---------------  T H R E A D  ---------------

Current thread (0x000001d5bf622800):  VMThread "VM Thread" [stack: 0x00000025f8f00000,0x00000025f9000000] [id=12096]

Stack: [0x00000025f8f00000,0x00000025f9000000]
[error occurred during error reporting (printing stack bounds), id 0xc0000005, EXCEPTION_ACCESS_VIOLATION (0xc0000005) at pc=0x000001d5a91f10e7]

Native frames: (J=compiled Java code, j=interpreted, Vv=VM code, C=native code)
V  [jvm.dll+0x629d8a]
V  [jvm.dll+0x7638ff]
V  [jvm.dll+0x764fa9]
V  [jvm.dll+0x765595]
V  [jvm.dll+0x76554b]
V  [jvm.dll+0x629273]
V  [jvm.dll+0x629988]
C  [ntdll.dll+0xa229f]
C  [ntdll.dll+0x51454]
C  [ntdll.dll+0xa0dce]
C  0x000001d5a91f10e7

VM_Operation (0x00000025f89fc360): CollectForMetadataAllocation, mode: safepoint, requested by thread 0x000001d5a038f800


---------------  P R O C E S S  ---------------

Threads class SMR info:
_java_thread_list=0x000001d5c1531ff0, length=11, elements={
0x000001d5a038f800, 0x000001d5bf60c000, 0x000001d5bf616000, 0x000001d5bffc2800,
0x000001d5bf635000, 0x000001d5bf638800, 0x000001d5bf63e800, 0x000001d5bf641000,
0x000001d5bf646000, 0x000001d5c00f9800, 0x000001d5c0379000
}

Java Threads: ( => current thread )
  0x000001d5a038f800 JavaThread "main" [_thread_blocked, id=1664, stack(0x00000025f8900000,0x00000025f8a00000)]
  0x000001d5bf60c000 JavaThread "Reference Handler" daemon [_thread_blocked, id=9264, stack(0x00000025f9000000,0x00000025f9100000)]
  0x000001d5bf616000 JavaThread "Finalizer" daemon [_thread_blocked, id=4848, stack(0x00000025f9100000,0x00000025f9200000)]
  0x000001d5bffc2800 JavaThread "Signal Dispatcher" daemon [_thread_blocked, id=1032, stack(0x00000025f9200000,0x00000025f9300000)]
  0x000001d5bf635000 JavaThread "Attach Listener" daemon [_thread_blocked, id=5576, stack(0x00000025f9300000,0x00000025f9400000)]
  0x000001d5bf638800 JavaThread "Service Thread" daemon [_thread_blocked, id=6360, stack(0x00000025f9400000,0x00000025f9500000)]
  0x000001d5bf63e800 JavaThread "C2 CompilerThread0" daemon [_thread_in_native, id=12268, stack(0x00000025f9500000,0x00000025f9600000)]
  0x000001d5bf641000 JavaThread "C1 CompilerThread0" daemon [_thread_blocked, id=2776, stack(0x00000025f9600000,0x00000025f9700000)]
  0x000001d5bf646000 JavaThread "Sweeper thread" daemon [_thread_blocked, id=12208, stack(0x00000025f9700000,0x00000025f9800000)]
  0x000001d5c00f9800 JavaThread "Common-Cleaner" daemon [_thread_blocked, id=12868, stack(0x00000025f9800000,0x00000025f9900000)]
  0x000001d5c0379000 JavaThread "Monitor Ctrl-Break" daemon [_thread_in_native, id=13256, stack(0x00000025f9900000,0x00000025f9a00000)]

Other Threads:
=>0x000001d5bf622800 VMThread "VM Thread" [stack: 0x00000025f8f00000,0x00000025f9000000] [id=12096]
  0x000001d5c059d800 WatcherThread [stack: 0x00000025f9a00000,0x00000025f9b00000] [id=3496]
  0x000001d5a03a5000 GCTaskThread "GC Thread#0" [stack: 0x00000025f8a00000,0x00000025f8b00000] [id=12060]
  0x000001d5c05f8800 GCTaskThread "GC Thread#1" [stack: 0x00000025f9b00000,0x00000025f9c00000] [id=11816]
  0x000001d5a03d7000 ConcurrentGCThread "G1 Main Marker" [stack: 0x00000025f8b00000,0x00000025f8c00000] [id=9564]
  0x000001d5a03da800 ConcurrentGCThread "G1 Conc#0" [stack: 0x00000025f8c00000,0x00000025f8d00000] [id=1572]
  0x000001d5a0461000 ConcurrentGCThread "G1 Refine#0" [stack: 0x00000025f8d00000,0x00000025f8e00000] [id=11752]
  0x000001d5a0462000 ConcurrentGCThread "G1 Young RemSet Sampling" [stack: 0x00000025f8e00000,0x00000025f8f00000] [id=10540]

Threads with active compile tasks:
C2 CompilerThread0   7384 3198       4       org.springframework.beans.factory.support.AbstractBeanFactory::isTypeMatch (607 bytes)

VM state:at safepoint (normal execution)

VM Mutex/Monitor currently owned by a thread:  ([mutex/lock_event])
[0x000001d5a038e0c0] Threads_lock - owner thread: 0x000001d5bf622800
[0x000001d5a038da00] Heap_lock - owner thread: 0x000001d5a038f800

Heap address: 0x0000000080000000, size: 2048 MB, Compressed Oops mode: 32-bit
Narrow klass base: 0x0000000000000000, Narrow klass shift: 3
Compressed class space size: 1073741824 Address: 0x0000000100000000

Heap:
 garbage-first heap   total 189440K, used 14527K [0x0000000080000000, 0x0000000100000000)
  region size 1024K, 6 young (6144K), 6 survivors (6144K)
 Metaspace       used 34988K, capacity 35830K, committed 35964K, reserved 1081344K
  class space    used 4228K, capacity 4600K, committed 4732K, reserved 1048576K
Heap Regions: E=young(eden), S=young(survivor), O=old, HS=humongous(starts), HC=humongous(continues), CS=collection set, F=free, A=archive, TAMS=top-at-mark-start (previous, next)
|   0|0x0000000080000000, 0x0000000080100000, 0x0000000080100000|100%|HS|  |TAMS 0x0000000080100000, 0x0000000080100000| Complete 
|   1|0x0000000080100000, 0x0000000080200000, 0x0000000080200000|100%| O|  |TAMS 0x0000000080200000, 0x0000000080200000| Untracked 
|   2|0x0000000080200000, 0x0000000080300000, 0x0000000080300000|100%| O|  |TAMS 0x0000000080300000, 0x0000000080300000| Untracked 
|   3|0x0000000080300000, 0x0000000080400000, 0x0000000080400000|100%| O|  |TAMS 0x0000000080400000, 0x0000000080400000| Untracked 
|   4|0x0000000080400000, 0x0000000080500000, 0x0000000080500000|100%| O|  |TAMS 0x0000000080500000, 0x0000000080500000| Untracked 
|   5|0x0000000080500000, 0x0000000080600000, 0x0000000080600000|100%| O|  |TAMS 0x00000000805ff200, 0x0000000080600000| Untracked 
|   6|0x0000000080600000, 0x0000000080700000, 0x0000000080700000|100%| O|  |TAMS 0x0000000080600000, 0x0000000080700000| Untracked 
|   7|0x0000000080700000, 0x0000000080800000, 0x0000000080800000|100%| O|  |TAMS 0x0000000080700000, 0x0000000080800000| Untracked 
|   8|0x0000000080800000, 0x000000008082fc00, 0x0000000080900000| 18%| O|  |TAMS 0x0000000080800000, 0x000000008082fc00| Untracked 
|   9|0x0000000080900000, 0x0000000080900000, 0x0000000080a00000|  0%| F|  |TAMS 0x0000000080900000, 0x0000000080900000| Untracked 
|  10|0x0000000080a00000, 0x0000000080a00000, 0x0000000080b00000|  0%| F|  |TAMS 0x0000000080a00000, 0x0000000080a00000| Untracked 
|  11|0x0000000080b00000, 0x0000000080b00000, 0x0000000080c00000|  0%| F|  |TAMS 0x0000000080b00000, 0x0000000080b00000| Untracked 
|  12|0x0000000080c00000, 0x0000000080c00000, 0x0000000080d00000|  0%| F|  |TAMS 0x0000000080c00000, 0x0000000080c00000| Untracked 
|  13|0x0000000080d00000, 0x0000000080d00000, 0x0000000080e00000|  0%| F|  |TAMS 0x0000000080d00000, 0x0000000080d00000| Untracked 
|  14|0x0000000080e00000, 0x0000000080e00000, 0x0000000080f00000|  0%| F|  |TAMS 0x0000000080e00000, 0x0000000080e00000| Untracked 
|  15|0x0000000080f00000, 0x0000000080f00000, 0x0000000081000000|  0%| F|  |TAMS 0x0000000080f00000, 0x0000000080f00000| Untracked 
|  16|0x0000000081000000, 0x0000000081000000, 0x0000000081100000|  0%| F|  |TAMS 0x0000000081000000, 0x0000000081000000| Untracked 
|  17|0x0000000081100000, 0x0000000081100000, 0x0000000081200000|  0%| F|  |TAMS 0x0000000081100000, 0x0000000081100000| Untracked 
|  18|0x0000000081200000, 0x0000000081200000, 0x0000000081300000|  0%| F|  |TAMS 0x0000000081200000, 0x0000000081200000| Untracked 
|  19|0x0000000081300000, 0x0000000081300000, 0x0000000081400000|  0%| F|  |TAMS 0x0000000081300000, 0x0000000081300000| Untracked 
|  20|0x0000000081400000, 0x0000000081400000, 0x0000000081500000|  0%| F|  |TAMS 0x0000000081400000, 0x0000000081400000| Untracked 
|  21|0x0000000081500000, 0x0000000081500000, 0x0000000081600000|  0%| F|  |TAMS 0x0000000081500000, 0x0000000081500000| Untracked 
|  22|0x0000000081600000, 0x0000000081600000, 0x0000000081700000|  0%| F|  |TAMS 0x0000000081600000, 0x0000000081600000| Untracked 
|  23|0x0000000081700000, 0x0000000081700000, 0x0000000081800000|  0%| F|  |TAMS 0x0000000081700000, 0x0000000081700000| Untracked 
|  24|0x0000000081800000, 0x0000000081800000, 0x0000000081900000|  0%| F|  |TAMS 0x0000000081800000, 0x0000000081800000| Untracked 
|  25|0x0000000081900000, 0x0000000081900000, 0x0000000081a00000|  0%| F|  |TAMS 0x0000000081900000, 0x0000000081900000| Untracked 
|  26|0x0000000081a00000, 0x0000000081a00000, 0x0000000081b00000|  0%| F|  |TAMS 0x0000000081a00000, 0x0000000081a00000| Untracked 
|  27|0x0000000081b00000, 0x0000000081b00000, 0x0000000081c00000|  0%| F|  |TAMS 0x0000000081b00000, 0x0000000081b00000| Untracked 
|  28|0x0000000081c00000, 0x0000000081c00000, 0x0000000081d00000|  0%| F|  |TAMS 0x0000000081c00000, 0x0000000081c00000| Untracked 
|  29|0x0000000081d00000, 0x0000000081d00000, 0x0000000081e00000|  0%| F|  |TAMS 0x0000000081d00000, 0x0000000081d00000| Untracked 
|  30|0x0000000081e00000, 0x0000000081e00000, 0x0000000081f00000|  0%| F|  |TAMS 0x0000000081e00000, 0x0000000081e00000| Untracked 
|  31|0x0000000081f00000, 0x0000000081f00000, 0x0000000082000000|  0%| F|  |TAMS 0x0000000081f00000, 0x0000000081f00000| Untracked 
|  32|0x0000000082000000, 0x0000000082000000, 0x0000000082100000|  0%| F|  |TAMS 0x0000000082000000, 0x0000000082000000| Untracked 
|  33|0x0000000082100000, 0x0000000082100000, 0x0000000082200000|  0%| F|  |TAMS 0x0000000082100000, 0x0000000082100000| Untracked 
|  34|0x0000000082200000, 0x0000000082200000, 0x0000000082300000|  0%| F|  |TAMS 0x0000000082200000, 0x0000000082200000| Untracked 
|  35|0x0000000082300000, 0x0000000082300000, 0x0000000082400000|  0%| F|  |TAMS 0x0000000082300000, 0x0000000082300000| Untracked 
|  36|0x0000000082400000, 0x0000000082400000, 0x0000000082500000|  0%| F|  |TAMS 0x0000000082400000, 0x0000000082400000| Untracked 
|  37|0x0000000082500000, 0x0000000082500000, 0x0000000082600000|  0%| F|  |TAMS 0x0000000082500000, 0x0000000082500000| Untracked 
|  38|0x0000000082600000, 0x0000000082600000, 0x0000000082700000|  0%| F|  |TAMS 0x0000000082600000, 0x0000000082600000| Untracked 
|  39|0x0000000082700000, 0x0000000082700000, 0x0000000082800000|  0%| F|  |TAMS 0x0000000082700000, 0x0000000082700000| Untracked 
|  40|0x0000000082800000, 0x0000000082800000, 0x0000000082900000|  0%| F|  |TAMS 0x0000000082800000, 0x0000000082800000| Untracked 
|  41|0x0000000082900000, 0x0000000082900000, 0x0000000082a00000|  0%| F|  |TAMS 0x0000000082900000, 0x0000000082900000| Untracked 
|  42|0x0000000082a00000, 0x0000000082a00000, 0x0000000082b00000|  0%| F|  |TAMS 0x0000000082a00000, 0x0000000082a00000| Untracked 
|  43|0x0000000082b00000, 0x0000000082b00000, 0x0000000082c00000|  0%| F|  |TAMS 0x0000000082b00000, 0x0000000082b00000| Untracked 
|  44|0x0000000082c00000, 0x0000000082c00000, 0x0000000082d00000|  0%| F|  |TAMS 0x0000000082c00000, 0x0000000082c00000| Untracked 
|  45|0x0000000082d00000, 0x0000000082d00000, 0x0000000082e00000|  0%| F|  |TAMS 0x0000000082d00000, 0x0000000082d00000| Untracked 
|  46|0x0000000082e00000, 0x0000000082e00000, 0x0000000082f00000|  0%| F|  |TAMS 0x0000000082e00000, 0x0000000082e00000| Untracked 
|  47|0x0000000082f00000, 0x0000000082f00000, 0x0000000083000000|  0%| F|  |TAMS 0x0000000082f00000, 0x0000000082f00000| Untracked 
|  48|0x0000000083000000, 0x0000000083000000, 0x0000000083100000|  0%| F|  |TAMS 0x0000000083000000, 0x0000000083000000| Untracked 
|  49|0x0000000083100000, 0x0000000083100000, 0x0000000083200000|  0%| F|  |TAMS 0x0000000083100000, 0x0000000083100000| Untracked 
|  50|0x0000000083200000, 0x0000000083200000, 0x0000000083300000|  0%| F|  |TAMS 0x0000000083200000, 0x0000000083200000| Untracked 
|  51|0x0000000083300000, 0x0000000083300000, 0x0000000083400000|  0%| F|  |TAMS 0x0000000083300000, 0x0000000083300000| Untracked 
|  52|0x0000000083400000, 0x0000000083400000, 0x0000000083500000|  0%| F|  |TAMS 0x0000000083400000, 0x0000000083400000| Untracked 
|  53|0x0000000083500000, 0x0000000083500000, 0x0000000083600000|  0%| F|  |TAMS 0x0000000083500000, 0x0000000083500000| Untracked 
|  54|0x0000000083600000, 0x0000000083600000, 0x0000000083700000|  0%| F|  |TAMS 0x0000000083600000, 0x0000000083600000| Untracked 
|  55|0x0000000083700000, 0x0000000083700000, 0x0000000083800000|  0%| F|  |TAMS 0x0000000083700000, 0x0000000083700000| Untracked 
|  56|0x0000000083800000, 0x0000000083800000, 0x0000000083900000|  0%| F|  |TAMS 0x0000000083800000, 0x0000000083800000| Untracked 
|  57|0x0000000083900000, 0x0000000083900000, 0x0000000083a00000|  0%| F|  |TAMS 0x0000000083900000, 0x0000000083900000| Untracked 
|  58|0x0000000083a00000, 0x0000000083a00000, 0x0000000083b00000|  0%| F|  |TAMS 0x0000000083a00000, 0x0000000083a00000| Untracked 
|  59|0x0000000083b00000, 0x0000000083b00000, 0x0000000083c00000|  0%| F|  |TAMS 0x0000000083b00000, 0x0000000083b00000| Untracked 
|  60|0x0000000083c00000, 0x0000000083c00000, 0x0000000083d00000|  0%| F|  |TAMS 0x0000000083c00000, 0x0000000083c00000| Untracked 
|  61|0x0000000083d00000, 0x0000000083d00000, 0x0000000083e00000|  0%| F|  |TAMS 0x0000000083d00000, 0x0000000083d00000| Untracked 
|  62|0x0000000083e00000, 0x0000000083e00000, 0x0000000083f00000|  0%| F|  |TAMS 0x0000000083e00000, 0x0000000083e00000| Untracked 
|  63|0x0000000083f00000, 0x0000000083f00000, 0x0000000084000000|  0%| F|  |TAMS 0x0000000083f00000, 0x0000000083f00000| Untracked 
|  64|0x0000000084000000, 0x0000000084000000, 0x0000000084100000|  0%| F|  |TAMS 0x0000000084000000, 0x0000000084000000| Untracked 
|  65|0x0000000084100000, 0x0000000084100000, 0x0000000084200000|  0%| F|  |TAMS 0x0000000084100000, 0x0000000084100000| Untracked 
|  66|0x0000000084200000, 0x0000000084200000, 0x0000000084300000|  0%| F|  |TAMS 0x0000000084200000, 0x0000000084200000| Untracked 
|  67|0x0000000084300000, 0x0000000084300000, 0x0000000084400000|  0%| F|  |TAMS 0x0000000084300000, 0x0000000084300000| Untracked 
|  68|0x0000000084400000, 0x0000000084400000, 0x0000000084500000|  0%| F|  |TAMS 0x0000000084400000, 0x0000000084400000| Untracked 
|  69|0x0000000084500000, 0x0000000084500000, 0x0000000084600000|  0%| F|  |TAMS 0x0000000084500000, 0x0000000084500000| Untracked 
|  70|0x0000000084600000, 0x0000000084600000, 0x0000000084700000|  0%| F|  |TAMS 0x0000000084600000, 0x0000000084600000| Untracked 
|  71|0x0000000084700000, 0x0000000084700000, 0x0000000084800000|  0%| F|  |TAMS 0x0000000084700000, 0x0000000084700000| Untracked 
|  72|0x0000000084800000, 0x0000000084800000, 0x0000000084900000|  0%| F|  |TAMS 0x0000000084800000, 0x0000000084800000| Untracked 
|  73|0x0000000084900000, 0x0000000084900000, 0x0000000084a00000|  0%| F|  |TAMS 0x0000000084900000, 0x0000000084900000| Untracked 
|  74|0x0000000084a00000, 0x0000000084a00000, 0x0000000084b00000|  0%| F|  |TAMS 0x0000000084a00000, 0x0000000084a00000| Untracked 
|  75|0x0000000084b00000, 0x0000000084b00000, 0x0000000084c00000|  0%| F|  |TAMS 0x0000000084b00000, 0x0000000084b00000| Untracked 
|  76|0x0000000084c00000, 0x0000000084c00000, 0x0000000084d00000|  0%| F|  |TAMS 0x0000000084c00000, 0x0000000084c00000| Untracked 
|  77|0x0000000084d00000, 0x0000000084d00000, 0x0000000084e00000|  0%| F|  |TAMS 0x0000000084d00000, 0x0000000084d00000| Untracked 
|  78|0x0000000084e00000, 0x0000000084e00000, 0x0000000084f00000|  0%| F|  |TAMS 0x0000000084e00000, 0x0000000084e00000| Untracked 
|  79|0x0000000084f00000, 0x0000000084f00000, 0x0000000085000000|  0%| F|  |TAMS 0x0000000084f00000, 0x0000000084f00000| Untracked 
|  80|0x0000000085000000, 0x0000000085000000, 0x0000000085100000|  0%| F|  |TAMS 0x0000000085000000, 0x0000000085000000| Untracked 
|  81|0x0000000085100000, 0x0000000085100000, 0x0000000085200000|  0%| F|  |TAMS 0x0000000085100000, 0x0000000085100000| Untracked 
|  82|0x0000000085200000, 0x0000000085200000, 0x0000000085300000|  0%| F|  |TAMS 0x0000000085200000, 0x0000000085200000| Untracked 
|  83|0x0000000085300000, 0x0000000085300000, 0x0000000085400000|  0%| F|  |TAMS 0x0000000085300000, 0x0000000085300000| Untracked 
|  84|0x0000000085400000, 0x0000000085400000, 0x0000000085500000|  0%| F|  |TAMS 0x0000000085400000, 0x0000000085400000| Untracked 
|  85|0x0000000085500000, 0x0000000085500000, 0x0000000085600000|  0%| F|  |TAMS 0x0000000085500000, 0x0000000085500000| Untracked 
|  86|0x0000000085600000, 0x0000000085600000, 0x0000000085700000|  0%| F|  |TAMS 0x0000000085600000, 0x0000000085600000| Untracked 
|  87|0x0000000085700000, 0x0000000085700000, 0x0000000085800000|  0%| F|  |TAMS 0x0000000085700000, 0x0000000085700000| Untracked 
|  88|0x0000000085800000, 0x0000000085800000, 0x0000000085900000|  0%| F|  |TAMS 0x0000000085800000, 0x0000000085800000| Untracked 
|  89|0x0000000085900000, 0x0000000085900000, 0x0000000085a00000|  0%| F|  |TAMS 0x0000000085900000, 0x0000000085900000| Untracked 
|  90|0x0000000085a00000, 0x0000000085a00000, 0x0000000085b00000|  0%| F|  |TAMS 0x0000000085a00000, 0x0000000085a00000| Untracked 
|  91|0x0000000085b00000, 0x0000000085b00000, 0x0000000085c00000|  0%| F|  |TAMS 0x0000000085b00000, 0x0000000085b00000| Untracked 
|  92|0x0000000085c00000, 0x0000000085c00000, 0x0000000085d00000|  0%| F|  |TAMS 0x0000000085c00000, 0x0000000085c00000| Untracked 
|  93|0x0000000085d00000, 0x0000000085d00000, 0x0000000085e00000|  0%| F|  |TAMS 0x0000000085d00000, 0x0000000085d00000| Untracked 
|  94|0x0000000085e00000, 0x0000000085e00000, 0x0000000085f00000|  0%| F|  |TAMS 0x0000000085e00000, 0x0000000085e00000| Untracked 
|  95|0x0000000085f00000, 0x0000000085f00000, 0x0000000086000000|  0%| F|  |TAMS 0x0000000085f00000, 0x0000000085f00000| Untracked 
|  96|0x0000000086000000, 0x0000000086000000, 0x0000000086100000|  0%| F|  |TAMS 0x0000000086000000, 0x0000000086000000| Untracked 
|  97|0x0000000086100000, 0x0000000086100000, 0x0000000086200000|  0%| F|  |TAMS 0x0000000086100000, 0x0000000086100000| Untracked 
|  98|0x0000000086200000, 0x0000000086200000, 0x0000000086300000|  0%| F|  |TAMS 0x0000000086200000, 0x0000000086200000| Untracked 
|  99|0x0000000086300000, 0x0000000086300000, 0x0000000086400000|  0%| F|  |TAMS 0x0000000086300000, 0x0000000086300000| Untracked 
| 100|0x0000000086400000, 0x0000000086400000, 0x0000000086500000|  0%| F|  |TAMS 0x0000000086400000, 0x0000000086400000| Untracked 
| 101|0x0000000086500000, 0x0000000086500000, 0x0000000086600000|  0%| F|  |TAMS 0x0000000086500000, 0x0000000086500000| Untracked 
| 102|0x0000000086600000, 0x0000000086600000, 0x0000000086700000|  0%| F|  |TAMS 0x0000000086600000, 0x0000000086600000| Untracked 
| 103|0x0000000086700000, 0x0000000086700000, 0x0000000086800000|  0%| F|  |TAMS 0x0000000086700000, 0x0000000086700000| Untracked 
| 104|0x0000000086800000, 0x0000000086800000, 0x0000000086900000|  0%| F|  |TAMS 0x0000000086800000, 0x0000000086800000| Untracked 
| 105|0x0000000086900000, 0x0000000086900000, 0x0000000086a00000|  0%| F|  |TAMS 0x0000000086900000, 0x0000000086900000| Untracked 
| 106|0x0000000086a00000, 0x0000000086a00000, 0x0000000086b00000|  0%| F|  |TAMS 0x0000000086a00000, 0x0000000086a00000| Untracked 
| 107|0x0000000086b00000, 0x0000000086b00000, 0x0000000086c00000|  0%| F|  |TAMS 0x0000000086b00000, 0x0000000086b00000| Untracked 
| 108|0x0000000086c00000, 0x0000000086c00000, 0x0000000086d00000|  0%| F|  |TAMS 0x0000000086c00000, 0x0000000086c00000| Untracked 
| 109|0x0000000086d00000, 0x0000000086d00000, 0x0000000086e00000|  0%| F|  |TAMS 0x0000000086d00000, 0x0000000086d00000| Untracked 
| 110|0x0000000086e00000, 0x0000000086e00000, 0x0000000086f00000|  0%| F|  |TAMS 0x0000000086e00000, 0x0000000086e00000| Untracked 
| 111|0x0000000086f00000, 0x0000000086f00000, 0x0000000087000000|  0%| F|  |TAMS 0x0000000086f00000, 0x0000000086f00000| Untracked 
| 112|0x0000000087000000, 0x0000000087000000, 0x0000000087100000|  0%| F|  |TAMS 0x0000000087000000, 0x0000000087000000| Untracked 
| 113|0x0000000087100000, 0x0000000087100000, 0x0000000087200000|  0%| F|  |TAMS 0x0000000087100000, 0x0000000087100000| Untracked 
| 114|0x0000000087200000, 0x0000000087200000, 0x0000000087300000|  0%| F|  |TAMS 0x0000000087200000, 0x0000000087200000| Untracked 
| 115|0x0000000087300000, 0x0000000087300000, 0x0000000087400000|  0%| F|  |TAMS 0x0000000087300000, 0x0000000087300000| Untracked 
| 116|0x0000000087400000, 0x0000000087400000, 0x0000000087500000|  0%| F|  |TAMS 0x0000000087400000, 0x0000000087400000| Untracked 
| 117|0x0000000087500000, 0x0000000087500000, 0x0000000087600000|  0%| F|  |TAMS 0x0000000087500000, 0x0000000087500000| Untracked 
| 118|0x0000000087600000, 0x0000000087600000, 0x0000000087700000|  0%| F|  |TAMS 0x0000000087600000, 0x0000000087600000| Untracked 
| 119|0x0000000087700000, 0x0000000087700000, 0x0000000087800000|  0%| F|  |TAMS 0x0000000087700000, 0x0000000087700000| Untracked 
| 120|0x0000000087800000, 0x0000000087800000, 0x0000000087900000|  0%| F|  |TAMS 0x0000000087800000, 0x0000000087800000| Untracked 
| 121|0x0000000087900000, 0x0000000087900000, 0x0000000087a00000|  0%| F|  |TAMS 0x0000000087900000, 0x0000000087900000| Untracked 
| 122|0x0000000087a00000, 0x0000000087a00000, 0x0000000087b00000|  0%| F|  |TAMS 0x0000000087a00000, 0x0000000087a00000| Untracked 
| 123|0x0000000087b00000, 0x0000000087b00000, 0x0000000087c00000|  0%| F|  |TAMS 0x0000000087b00000, 0x0000000087b00000| Untracked 
| 124|0x0000000087c00000, 0x0000000087c00000, 0x0000000087d00000|  0%| F|  |TAMS 0x0000000087c00000, 0x0000000087c00000| Untracked 
| 125|0x0000000087d00000, 0x0000000087d00000, 0x0000000087e00000|  0%| F|  |TAMS 0x0000000087d00000, 0x0000000087d00000| Untracked 
| 126|0x0000000087e00000, 0x0000000087e00000, 0x0000000087f00000|  0%| F|  |TAMS 0x0000000087e00000, 0x0000000087e00000| Untracked 
| 127|0x0000000087f00000, 0x0000000087f00000, 0x0000000088000000|  0%| F|  |TAMS 0x0000000087f00000, 0x0000000087f00000| Untracked 
| 128|0x0000000088000000, 0x0000000088000000, 0x0000000088100000|  0%| F|  |TAMS 0x0000000088000000, 0x0000000088000000| Untracked 
| 129|0x0000000088100000, 0x0000000088100000, 0x0000000088200000|  0%| F|  |TAMS 0x0000000088100000, 0x0000000088100000| Untracked 
| 130|0x0000000088200000, 0x0000000088200000, 0x0000000088300000|  0%| F|  |TAMS 0x0000000088200000, 0x0000000088200000| Untracked 
| 131|0x0000000088300000, 0x0000000088300000, 0x0000000088400000|  0%| F|  |TAMS 0x0000000088300000, 0x0000000088300000| Untracked 
| 132|0x0000000088400000, 0x0000000088400000, 0x0000000088500000|  0%| F|  |TAMS 0x0000000088400000, 0x0000000088400000| Untracked 
| 133|0x0000000088500000, 0x0000000088500000, 0x0000000088600000|  0%| F|  |TAMS 0x0000000088500000, 0x0000000088500000| Untracked 
| 134|0x0000000088600000, 0x0000000088600000, 0x0000000088700000|  0%| F|  |TAMS 0x0000000088600000, 0x0000000088600000| Untracked 
| 135|0x0000000088700000, 0x0000000088700000, 0x0000000088800000|  0%| F|  |TAMS 0x0000000088700000, 0x0000000088700000| Untracked 
| 136|0x0000000088800000, 0x0000000088800000, 0x0000000088900000|  0%| F|  |TAMS 0x0000000088800000, 0x0000000088800000| Untracked 
| 137|0x0000000088900000, 0x0000000088900000, 0x0000000088a00000|  0%| F|  |TAMS 0x0000000088900000, 0x0000000088900000| Untracked 
| 138|0x0000000088a00000, 0x0000000088a00000, 0x0000000088b00000|  0%| F|  |TAMS 0x0000000088a00000, 0x0000000088a00000| Untracked 
| 139|0x0000000088b00000, 0x0000000088b00000, 0x0000000088c00000|  0%| F|  |TAMS 0x0000000088b00000, 0x0000000088b00000| Untracked 
| 140|0x0000000088c00000, 0x0000000088c00000, 0x0000000088d00000|  0%| F|  |TAMS 0x0000000088c00000, 0x0000000088c00000| Untracked 
| 141|0x0000000088d00000, 0x0000000088d00000, 0x0000000088e00000|  0%| F|  |TAMS 0x0000000088d00000, 0x0000000088d00000| Untracked 
| 142|0x0000000088e00000, 0x0000000088e00000, 0x0000000088f00000|  0%| F|  |TAMS 0x0000000088e00000, 0x0000000088e00000| Untracked 
| 143|0x0000000088f00000, 0x0000000089000000, 0x0000000089000000|100%| S|CS|TAMS 0x0000000088f00000, 0x0000000088f00000| Complete 
| 144|0x0000000089000000, 0x0000000089100000, 0x0000000089100000|100%| S|CS|TAMS 0x0000000089000000, 0x0000000089000000| Complete 
| 145|0x0000000089100000, 0x0000000089200000, 0x0000000089200000|100%| S|CS|TAMS 0x0000000089100000, 0x0000000089100000| Complete 
| 146|0x0000000089200000, 0x0000000089300000, 0x0000000089300000|100%| S|CS|TAMS 0x0000000089200000, 0x0000000089200000| Complete 
| 147|0x0000000089300000, 0x0000000089400000, 0x0000000089400000|100%| S|CS|TAMS 0x0000000089300000, 0x0000000089300000| Complete 
| 148|0x0000000089400000, 0x0000000089500000, 0x0000000089500000|100%| S|CS|TAMS 0x0000000089400000, 0x0000000089400000| Complete 
| 149|0x0000000089500000, 0x0000000089500000, 0x0000000089600000|  0%| F|  |TAMS 0x0000000089500000, 0x0000000089500000| Untracked 
| 150|0x0000000089600000, 0x0000000089600000, 0x0000000089700000|  0%| F|  |TAMS 0x0000000089600000, 0x0000000089600000| Untracked 
| 151|0x0000000089700000, 0x0000000089700000, 0x0000000089800000|  0%| F|  |TAMS 0x0000000089700000, 0x0000000089700000| Untracked 
| 152|0x0000000089800000, 0x0000000089800000, 0x0000000089900000|  0%| F|  |TAMS 0x0000000089800000, 0x0000000089800000| Untracked 
| 153|0x0000000089900000, 0x0000000089900000, 0x0000000089a00000|  0%| F|  |TAMS 0x0000000089900000, 0x0000000089900000| Untracked 

Card table byte_map: [0x000001d5b8a00000,0x000001d5b8e00000] _byte_map_base: 0x000001d5b8600000

Marking Bits (Prev, Next): (CMBitMap*) 0x000001d5a03ce5b0, (CMBitMap*) 0x000001d5a03ce578
 Prev Bits: [0x000001d5bb200000, 0x000001d5bd200000)
 Next Bits: [0x000001d5b9200000, 0x000001d5bb200000)

Polling page: 0x000001d5a0180000

Metaspace:

Usage:
  Non-class:     30.50 MB capacity,    30.04 MB ( 98%) used,   363.72 KB (  1%) free+waste,   106.13 KB ( <1%) overhead. 
      Class:      4.49 MB capacity,     4.13 MB ( 92%) used,   320.00 KB (  7%) free+waste,    51.63 KB (  1%) overhead. 
       Both:     34.99 MB capacity,    34.17 MB ( 98%) used,   683.72 KB (  2%) free+waste,   157.75 KB ( <1%) overhead. 

Virtual space:
  Non-class space:       32.00 MB reserved,      30.50 MB ( 95%) committed 
      Class space:        1.00 GB reserved,       4.62 MB ( <1%) committed 
             Both:        1.03 GB reserved,      35.12 MB (  3%) committed 

Chunk freelists:
   Non-Class:  256 bytes
       Class:  1.00 KB
        Both:  1.25 KB

CodeHeap 'non-profiled nmethods': size=120064Kb used=1355Kb max_used=1355Kb free=118708Kb
 bounds [0x000001d5b0cb0000, 0x000001d5b0f20000, 0x000001d5b81f0000]
CodeHeap 'profiled nmethods': size=120000Kb used=7357Kb max_used=7357Kb free=112643Kb
 bounds [0x000001d5a9780000, 0x000001d5a9eb0000, 0x000001d5b0cb0000]
CodeHeap 'non-nmethods': size=5696Kb used=1147Kb max_used=1189Kb free=4548Kb
 bounds [0x000001d5a91f0000, 0x000001d5a9460000, 0x000001d5a9780000]
 total_blobs=3740 nmethods=3279 adapters=372
 compilation: enabled
              stopped_count=0, restarted_count=0
 full_count=0

Compilation events (10 events):
Event: 7.306 Thread 0x000001d5bf641000 3287       3       java.util.LinkedHashMap::get (33 bytes)
Event: 7.307 Thread 0x000001d5bf641000 nmethod 3287 0x000001d5a9ea3910 code [0x000001d5a9ea3ae0, 0x000001d5a9ea3f08]
Event: 7.308 Thread 0x000001d5bf641000 3288       3       java.util.concurrent.ConcurrentHashMap::tableSizeFor (32 bytes)
Event: 7.309 Thread 0x000001d5bf641000 nmethod 3288 0x000001d5a9ea4090 code [0x000001d5a9ea4240, 0x000001d5a9ea4428]
Event: 7.309 Thread 0x000001d5bf641000 3289 %     3       sun.nio.cs.UTF_8$Decoder::decodeArrayLoop @ 73 (691 bytes)
Event: 7.315 Thread 0x000001d5bf641000 nmethod 3289% 0x000001d5a9ea4510 code [0x000001d5a9ea4e80, 0x000001d5a9eaad88]
Event: 7.323 Thread 0x000001d5bf641000 3290       3       java.lang.invoke.LambdaForm$DMH/0x00000001001f6440::invokeStatic (30 bytes)
Event: 7.324 Thread 0x000001d5bf641000 nmethod 3290 0x000001d5a9eacb10 code [0x000001d5a9eacd00, 0x000001d5a9ead368]
Event: 7.324 Thread 0x000001d5bf641000 3291       3       java.lang.invoke.InnerClassLambdaMetafactory$ForwardingMethodGenerator::generate (181 bytes)
Event: 7.325 Thread 0x000001d5bf641000 nmethod 3291 0x000001d5a9ead510 code [0x000001d5a9ead800, 0x000001d5a9eaed58]

GC Heap History (10 events):
Event: 2.722 GC heap after
{Heap after GC invocations=4 (full 0):
 garbage-first heap   total 131072K, used 7776K [0x0000000080000000, 0x0000000100000000)
  region size 1024K, 2 young (2048K), 2 survivors (2048K)
 Metaspace       used 16691K, capacity 17022K, committed 17280K, reserved 1064960K
  class space    used 1752K, capacity 1870K, committed 1920K, reserved 1048576K
}
Event: 3.188 GC heap before
{Heap before GC invocations=4 (full 0):
 garbage-first heap   total 131072K, used 31328K [0x0000000080000000, 0x0000000100000000)
  region size 1024K, 25 young (25600K), 2 survivors (2048K)
 Metaspace       used 20422K, capacity 20830K, committed 20992K, reserved 1067008K
  class space    used 2325K, capacity 2462K, committed 2560K, reserved 1048576K
}
Event: 3.197 GC heap after
{Heap after GC invocations=5 (full 0):
 garbage-first heap   total 157696K, used 8649K [0x0000000080000000, 0x0000000100000000)
  region size 1024K, 3 young (3072K), 3 survivors (3072K)
 Metaspace       used 20422K, capacity 20830K, committed 20992K, reserved 1067008K
  class space    used 2325K, capacity 2462K, committed 2560K, reserved 1048576K
}
Event: 3.378 GC heap before
{Heap before GC invocations=5 (full 0):
 garbage-first heap   total 157696K, used 10697K [0x0000000080000000, 0x0000000100000000)
  region size 1024K, 6 young (6144K), 3 survivors (3072K)
 Metaspace       used 20795K, capacity 21199K, committed 21248K, reserved 1069056K
  class space    used 2383K, capacity 2545K, committed 2560K, reserved 1048576K
}
Event: 3.386 GC heap after
{Heap after GC invocations=6 (full 0):
 garbage-first heap   total 157696K, used 8840K [0x0000000080000000, 0x0000000100000000)
  region size 1024K, 3 young (3072K), 3 survivors (3072K)
 Metaspace       used 20795K, capacity 21199K, committed 21248K, reserved 1069056K
  class space    used 2383K, capacity 2545K, committed 2560K, reserved 1048576K
}
Event: 4.417 GC heap before
{Heap before GC invocations=7 (full 0):
 garbage-first heap   total 157696K, used 47752K [0x0000000080000000, 0x0000000100000000)
  region size 1024K, 42 young (43008K), 3 survivors (3072K)
 Metaspace       used 27067K, capacity 27668K, committed 27772K, reserved 1073152K
  class space    used 3159K, capacity 3389K, committed 3452K, reserved 1048576K
}
Event: 4.428 GC heap after
{Heap after GC invocations=8 (full 0):
 garbage-first heap   total 157696K, used 10223K [0x0000000080000000, 0x0000000100000000)
  region size 1024K, 4 young (4096K), 4 survivors (4096K)
 Metaspace       used 27067K, capacity 27668K, committed 27772K, reserved 1073152K
  class space    used 3159K, capacity 3389K, committed 3452K, reserved 1048576K
}
Event: 7.067 GC heap before
{Heap before GC invocations=8 (full 0):
 garbage-first heap   total 157696K, used 73711K [0x0000000080000000, 0x0000000100000000)
  region size 1024K, 66 young (67584K), 4 survivors (4096K)
 Metaspace       used 34216K, capacity 34993K, committed 35196K, reserved 1079296K
  class space    used 4095K, capacity 4424K, committed 4476K, reserved 1048576K
}
Event: 7.090 GC heap after
{Heap after GC invocations=9 (full 0):
 garbage-first heap   total 157696K, used 13650K [0x0000000080000000, 0x0000000100000000)
  region size 1024K, 8 young (8192K), 8 survivors (8192K)
 Metaspace       used 34216K, capacity 34993K, committed 35196K, reserved 1079296K
  class space    used 4095K, capacity 4424K, committed 4476K, reserved 1048576K
}
Event: 7.335 GC heap before
{Heap before GC invocations=9 (full 0):
 garbage-first heap   total 157696K, used 17746K [0x0000000080000000, 0x0000000100000000)
  region size 1024K, 13 young (13312K), 8 survivors (8192K)
 Metaspace       used 34988K, capacity 35830K, committed 35964K, reserved 1081344K
  class space    used 4228K, capacity 4600K, committed 4732K, reserved 1048576K
}

Deoptimization events (10 events):
Event: 6.966 Thread 0x000001d5a038f800 Uncommon trap: reason=unstable_if action=reinterpret pc=0x000001d5b0dd5d98 method=java.io.WinNTFileSystem.isLetter(C)Z @ 3 c2
Event: 7.018 Thread 0x000001d5a038f800 Uncommon trap: reason=class_check action=maybe_recompile pc=0x000001d5b0d830ac method=java.util.concurrent.ConcurrentHashMap.putVal(Ljava/lang/Object;Ljava/lang/Object;Z)Ljava/lang/Object; @ 242 c2
Event: 7.113 Thread 0x000001d5a038f800 Uncommon trap: reason=class_check action=maybe_recompile pc=0x000001d5b0d830ac method=java.util.concurrent.ConcurrentHashMap.putVal(Ljava/lang/Object;Ljava/lang/Object;Z)Ljava/lang/Object; @ 242 c2
Event: 7.115 Thread 0x000001d5a038f800 Uncommon trap: reason=class_check action=maybe_recompile pc=0x000001d5b0d830ac method=java.util.concurrent.ConcurrentHashMap.putVal(Ljava/lang/Object;Ljava/lang/Object;Z)Ljava/lang/Object; @ 242 c2
Event: 7.122 Thread 0x000001d5a038f800 Uncommon trap: reason=class_check action=maybe_recompile pc=0x000001d5b0d830ac method=java.util.concurrent.ConcurrentHashMap.putVal(Ljava/lang/Object;Ljava/lang/Object;Z)Ljava/lang/Object; @ 242 c2
Event: 7.132 Thread 0x000001d5a038f800 Uncommon trap: reason=unstable_if action=reinterpret pc=0x000001d5b0dfdb50 method=org.springframework.boot.context.properties.source.ConfigurationPropertyName$Elements.getLength(I)I @ 13 c2
Event: 7.221 Thread 0x000001d5a038f800 Uncommon trap: reason=unstable_if action=reinterpret pc=0x000001d5b0df8980 method=java.util.Properties$LineReader.readLine()I @ 160 c2
Event: 7.248 Thread 0x000001d5a038f800 Uncommon trap: reason=unstable_if action=reinterpret pc=0x000001d5b0d660ec method=java.util.concurrent.ConcurrentHashMap.get(Ljava/lang/Object;)Ljava/lang/Object; @ 152 c2
Event: 7.292 Thread 0x000001d5a038f800 Uncommon trap: reason=unstable_if action=reinterpret pc=0x000001d5b0da436c method=java.util.LinkedHashMap.get(Ljava/lang/Object;)Ljava/lang/Object; @ 20 c2
Event: 7.302 Thread 0x000001d5a038f800 Uncommon trap: reason=unstable_if action=reinterpret pc=0x000001d5b0df6d9c method=java.util.Properties.loadConvert([CIILjava/lang/StringBuilder;)Ljava/lang/String; @ 26 c2

Classes redefined (0 events):
No events

Internal exceptions (10 events):
Event: 6.869 Thread 0x000001d5a038f800 Exception <a 'java/lang/ClassNotFoundException'{0x0000000085c52f90}: org/springframework/transaction/annotation/ProxyTransactionManagementConfigurationCustomizer> (0x0000000085c52f90) thrown at [./open/src/hotspot/share/classfile/systemDictionary.cpp, lin
Event: 6.871 Thread 0x000001d5a038f800 Exception <a 'java/lang/ClassNotFoundException'{0x0000000085c61c40}: org/springframework/context/annotation/ImportAwareCustomizer> (0x0000000085c61c40) thrown at [./open/src/hotspot/share/classfile/systemDictionary.cpp, line 226]
Event: 6.872 Thread 0x000001d5a038f800 Exception <a 'java/lang/ClassNotFoundException'{0x0000000085c6c8e8}: org/springframework/beans/factory/AwareCustomizer> (0x0000000085c6c8e8) thrown at [./open/src/hotspot/share/classfile/systemDictionary.cpp, line 226]
Event: 6.978 Thread 0x000001d5a038f800 Exception <a 'java/lang/NoSuchMethodError'{0x0000000085907100}: java.lang.invoke.DirectMethodHandle$Holder.invokeSpecial(Ljava/lang/Object;Ljava/lang/Object;Ljava/lang/Object;Ljava/lang/Object;Ljava/lang/Object;)I> (0x0000000085907100) thrown at [./open/s
Event: 7.132 Thread 0x000001d5a038f800 Implicit null exception at 0x000001d5b0dfda67 to 0x000001d5b0dfdb3c
Event: 7.163 Thread 0x000001d5a038f800 Exception <a 'java/lang/NoSuchMethodError'{0x00000000899c91c8}: java.lang.invoke.DirectMethodHandle$Holder.invokeInterface(Ljava/lang/Object;Ljava/lang/Object;I)V> (0x00000000899c91c8) thrown at [./open/src/hotspot/share/interpreter/linkResolver.cpp, line
Event: 7.170 Thread 0x000001d5a038f800 Exception <a 'java/lang/NoSuchMethodError'{0x000000008980e128}: java.lang.invoke.DirectMethodHandle$Holder.invokeStatic(Ljava/lang/Object;ILjava/lang/Object;)V> (0x000000008980e128) thrown at [./open/src/hotspot/share/interpreter/linkResolver.cpp, line 77
Event: 7.174 Thread 0x000001d5a038f800 Exception <a 'java/lang/NoSuchMethodError'{0x0000000089830a58}: java.lang.invoke.DirectMethodHandle$Holder.invokeVirtual(Ljava/lang/Object;Ljava/lang/Object;)I> (0x0000000089830a58) thrown at [./open/src/hotspot/share/interpreter/linkResolver.cpp, line 77
Event: 7.175 Thread 0x000001d5a038f800 Exception <a 'java/lang/NoSuchMethodError'{0x000000008983a760}: java.lang.invoke.DirectMethodHandle$Holder.invokeSpecialIFC(Ljava/lang/Object;Ljava/lang/Object;Ljava/lang/Object;Ljava/lang/Object;)I> (0x000000008983a760) thrown at [./open/src/hotspot/shar
Event: 7.327 Thread 0x000001d5a038f800 Exception <a 'java/lang/NoSuchMethodError'{0x000000008956d218}: java.lang.invoke.DirectMethodHandle$Holder.invokeStaticInit(Ljava/lang/Object;IIII)Ljava/lang/Object;> (0x000000008956d218) thrown at [./open/src/hotspot/share/interpreter/linkResolver.cpp, l

Events (10 events):
Event: 7.328 loading class sun/security/provider/SeedGenerator done
Event: 7.328 loading class sun/security/provider/NativeSeedGenerator
Event: 7.328 loading class sun/security/provider/NativeSeedGenerator done
Event: 7.334 loading class java/security/MessageDigest
Event: 7.334 loading class java/security/MessageDigestSpi
Event: 7.334 loading class java/security/MessageDigestSpi done
Event: 7.334 loading class java/security/MessageDigest done
Event: 7.335 loading class sun/security/provider/SHA
Event: 7.335 loading class sun/security/provider/DigestBase
Event: 7.335 Executing VM operation: CollectForMetadataAllocation


Dynamic libraries:
0x00007ff606280000 - 0x00007ff60628f000 	C:\Program Files\Java\jdk-11.0.15\bin\java.exe
0x00007ff8d1770000 - 0x00007ff8d1968000 	C:\Windows\SYSTEM32\ntdll.dll
0x00007ff8cfe00000 - 0x00007ff8cfebd000 	C:\Windows\System32\KERNEL32.DLL
0x00007ff8cef30000 - 0x00007ff8cf1fe000 	C:\Windows\System32\KERNELBASE.dll
0x00007ff8ba400000 - 0x00007ff8ba418000 	C:\Program Files\Java\jdk-11.0.15\bin\jli.dll
0x00007ff8cfd50000 - 0x00007ff8cfdfe000 	C:\Windows\System32\ADVAPI32.dll
0x00007ff8d0540000 - 0x00007ff8d05de000 	C:\Windows\System32\msvcrt.dll
0x00007ff8cf310000 - 0x00007ff8cf410000 	C:\Windows\System32\ucrtbase.dll
0x00007ff8d04a0000 - 0x00007ff8d053c000 	C:\Windows\System32\sechost.dll
0x00007ff8d15f0000 - 0x00007ff8d1715000 	C:\Windows\System32\RPCRT4.dll
0x00007ff8d0840000 - 0x00007ff8d09e0000 	C:\Windows\System32\USER32.dll
0x00007ff8cf5b0000 - 0x00007ff8cf5d2000 	C:\Windows\System32\win32u.dll
0x00007ff8d0330000 - 0x00007ff8d035a000 	C:\Windows\System32\GDI32.dll
0x00007ff8cf200000 - 0x00007ff8cf30b000 	C:\Windows\System32\gdi32full.dll
0x00007ff8cee90000 - 0x00007ff8cef2d000 	C:\Windows\System32\msvcp_win.dll
0x00007ff8ba140000 - 0x00007ff8ba3da000 	C:\Windows\WinSxS\amd64_microsoft.windows.common-controls_6595b64144ccf1df_6.0.19041.1110_none_60b5254171f9507e\COMCTL32.dll
0x00007ff8c72e0000 - 0x00007ff8c72ea000 	C:\Windows\SYSTEM32\VERSION.dll
0x00007ff8ba3e0000 - 0x00007ff8ba3f5000 	C:\Program Files\Java\jdk-11.0.15\bin\VCRUNTIME140.dll
0x00007ff8d0410000 - 0x00007ff8d0440000 	C:\Windows\System32\IMM32.DLL
0x00007ff8ba0a0000 - 0x00007ff8ba13b000 	C:\Program Files\Java\jdk-11.0.15\bin\msvcp140.dll
0x00007ff8b9400000 - 0x00007ff8b9f16000 	C:\Program Files\Java\jdk-11.0.15\bin\server\jvm.dll
0x00007ff8cf8c0000 - 0x00007ff8cf8c8000 	C:\Windows\System32\PSAPI.DLL
0x00007ff8bd2f0000 - 0x00007ff8bd2f9000 	C:\Windows\SYSTEM32\WSOCK32.dll
0x00007ff8d0cc0000 - 0x00007ff8d0d2b000 	C:\Windows\System32\WS2_32.dll
0x00007ff8ba070000 - 0x00007ff8ba097000 	C:\Windows\SYSTEM32\WINMM.dll
0x00007ff8ccd70000 - 0x00007ff8ccd82000 	C:\Windows\SYSTEM32\kernel.appcore.dll
0x00007ff8ba060000 - 0x00007ff8ba070000 	C:\Program Files\Java\jdk-11.0.15\bin\verify.dll
0x00007ff8bd100000 - 0x00007ff8bd2e4000 	C:\Windows\SYSTEM32\DBGHELP.DLL
0x00007ff8be290000 - 0x00007ff8be2bc000 	C:\Windows\SYSTEM32\dbgcore.DLL
0x00007ff8cf5e0000 - 0x00007ff8cf662000 	C:\Windows\System32\bcryptPrimitives.dll
0x00007ff8ba030000 - 0x00007ff8ba058000 	C:\Program Files\Java\jdk-11.0.15\bin\java.dll
0x00007ff8ba020000 - 0x00007ff8ba02a000 	C:\Program Files\Java\jdk-11.0.15\bin\jimage.dll
0x00007ff8b6360000 - 0x00007ff8b636e000 	C:\Program Files\Java\jdk-11.0.15\bin\instrument.dll
0x00007ff8ba000000 - 0x00007ff8ba016000 	C:\Program Files\Java\jdk-11.0.15\bin\zip.dll
0x00007ff8d0e40000 - 0x00007ff8d1584000 	C:\Windows\System32\SHELL32.dll
0x00007ff8ccf70000 - 0x00007ff8cd704000 	C:\Windows\SYSTEM32\windows.storage.dll
0x00007ff8cf9e0000 - 0x00007ff8cfd34000 	C:\Windows\System32\combase.dll
0x00007ff8ce740000 - 0x00007ff8ce770000 	C:\Windows\SYSTEM32\Wldp.dll
0x00007ff8d0360000 - 0x00007ff8d040d000 	C:\Windows\System32\SHCORE.dll
0x00007ff8d0440000 - 0x00007ff8d0495000 	C:\Windows\System32\shlwapi.dll
0x00007ff8cedd0000 - 0x00007ff8cedef000 	C:\Windows\SYSTEM32\profapi.dll
0x00007ff8b9f30000 - 0x00007ff8b9f49000 	C:\Program Files\Java\jdk-11.0.15\bin\net.dll
0x00007ff8c6a20000 - 0x00007ff8c6b2a000 	C:\Windows\SYSTEM32\WINHTTP.dll
0x00007ff8ce520000 - 0x00007ff8ce58a000 	C:\Windows\system32\mswsock.dll
0x00007ff8b9090000 - 0x00007ff8b90a2000 	C:\Program Files\Java\jdk-11.0.15\bin\nio.dll
0x00007ff8a8900000 - 0x00007ff8a891a000 	C:\Program Files\JetBrains\IntelliJ IDEA Community Edition 2022.2.1\bin\breakgen64.dll
0x00007ff8b7a90000 - 0x00007ff8b7a99000 	C:\Program Files\Java\jdk-11.0.15\bin\management.dll
0x00007ff8b7a80000 - 0x00007ff8b7a8b000 	C:\Program Files\Java\jdk-11.0.15\bin\management_ext.dll
0x00007ff8b4f20000 - 0x00007ff8b4f37000 	C:\Windows\system32\napinsp.dll
0x00007ff8b4f00000 - 0x00007ff8b4f1b000 	C:\Windows\system32\pnrpnsp.dll
0x00007ff8b4ee0000 - 0x00007ff8b4ef5000 	C:\Windows\system32\wshbth.dll
0x00007ff8ca6f0000 - 0x00007ff8ca70d000 	C:\Windows\system32\NLAapi.dll
0x00007ff8ce230000 - 0x00007ff8ce26b000 	C:\Windows\SYSTEM32\IPHLPAPI.DLL
0x00007ff8ce270000 - 0x00007ff8ce33a000 	C:\Windows\SYSTEM32\DNSAPI.dll
0x00007ff8d1720000 - 0x00007ff8d1728000 	C:\Windows\System32\NSI.dll
0x00007ff8b4ec0000 - 0x00007ff8b4ed2000 	C:\Windows\System32\winrnr.dll
0x00007ff8c61c0000 - 0x00007ff8c61ca000 	C:\Windows\System32\rasadhlp.dll
0x00007ff8c6940000 - 0x00007ff8c69c0000 	C:\Windows\System32\fwpuclnt.dll
0x00007ff8cf460000 - 0x00007ff8cf487000 	C:\Windows\System32\bcrypt.dll
0x00007ff8ce780000 - 0x00007ff8ce798000 	C:\Windows\SYSTEM32\CRYPTSP.dll
0x00007ff8cdec0000 - 0x00007ff8cdef4000 	C:\Windows\system32\rsaenh.dll
0x00007ff8ced90000 - 0x00007ff8cedbe000 	C:\Windows\SYSTEM32\USERENV.dll
0x00007ff8ce6b0000 - 0x00007ff8ce6bc000 	C:\Windows\SYSTEM32\CRYPTBASE.dll

dbghelp: loaded successfully - version: 4.0.5 - missing functions: none
symbol engine: initialized successfully - sym options: 0x614 - pdb path: .;C:\Program Files\Java\jdk-11.0.15\bin;C:\Windows\SYSTEM32;C:\Windows\WinSxS\amd64_microsoft.windows.common-controls_6595b64144ccf1df_6.0.19041.1110_none_60b5254171f9507e;C:\Program Files\Java\jdk-11.0.15\bin\server;C:\Program Files\JetBrains\IntelliJ IDEA Community Edition 2022.2.1\bin

VM Arguments:
jvm_args: -javaagent:C:\Program Files\JetBrains\IntelliJ IDEA Community Edition 2022.2.1\lib\idea_rt.jar=59118:C:\Program Files\JetBrains\IntelliJ IDEA Community Edition 2022.2.1\bin -Dfile.encoding=UTF-8 
java_command: com.training.jwt.api.SpringSecurityJwtExampleApplication
java_class_path (initial): C:\Users\sfjbs\Downloads\spring_security-main\spring_security-main\target\classes;C:\Users\sfjbs\.m2\repository\org\springframework\boot\spring-boot-starter-data-jpa\2.2.2.RELEASE\spring-boot-starter-data-jpa-2.2.2.RELEASE.jar;C:\Users\sfjbs\.m2\repository\org\springframework\boot\spring-boot-starter-aop\2.2.2.RELEASE\spring-boot-starter-aop-2.2.2.RELEASE.jar;C:\Users\sfjbs\.m2\repository\org\aspectj\aspectjweaver\1.9.5\aspectjweaver-1.9.5.jar;C:\Users\sfjbs\.m2\repository\org\springframework\boot\spring-boot-starter-jdbc\2.2.2.RELEASE\spring-boot-starter-jdbc-2.2.2.RELEASE.jar;C:\Users\sfjbs\.m2\repository\com\zaxxer\HikariCP\3.4.1\HikariCP-3.4.1.jar;C:\Users\sfjbs\.m2\repository\org\springframework\spring-jdbc\5.2.2.RELEASE\spring-jdbc-5.2.2.RELEASE.jar;C:\Users\sfjbs\.m2\repository\jakarta\activation\jakarta.activation-api\1.2.1\jakarta.activation-api-1.2.1.jar;C:\Users\sfjbs\.m2\repository\jakarta\persistence\jakarta.persistence-api\2.2.3\jakarta.persistence-api-2.2.3.jar;C:\Users\sfjbs\.m2\repository\jakarta\transaction\jakarta.transaction-api\1.3.3\jakarta.transaction-api-1.3.3.jar;C:\Users\sfjbs\.m2\repository\org\hibernate\hibernate-core\5.4.9.Final\hibernate-core-5.4.9.Final.jar;C:\Users\sfjbs\.m2\repository\org\jboss\logging\jboss-logging\3.4.1.Final\jboss-logging-3.4.1.Final.jar;C:\Users\sfjbs\.m2\repository\org\javassist\javassist\3.24.0-GA\javassist-3.24.0-GA.jar;C:\Users\sfjbs\.m2\repository\net\bytebuddy\byte-buddy\1.10.4\byte-buddy-1.10.4.jar;C:\Users\sfjbs\.m2\repository\antlr\antlr\2.7.7\antlr-2.7.7.jar;C:\Users\sfjbs\.m2\repository\org\jboss\jandex\2.1.1.Final\jandex-2.1.1.Final.jar;C:\Users\sfjbs\.m2\repository\com\fasterxml\classmate\1.5.1\classmate-1.5.1.jar;C:\Users\sfjbs\.m2\repository\org\dom4j\dom4j\2.1.1\dom4j-2.1.1.jar;C:\Users\sfjbs\.m2\repository\org\hibernate\common\hibernate-commons-annotations\5.1.0.Final\hibernate-commons-annotations-5.1.0.Final.jar;C:\Users\sfjbs\.m2\repository\org\glassfish\jaxb\jaxb-r
Launcher Type: SUN_STANDARD

[Global flags]
     intx CICompilerCount                          = 2                                         {product} {ergonomic}
     uint ConcGCThreads                            = 1                                         {product} {ergonomic}
     uint G1ConcRefinementThreads                  = 2                                         {product} {ergonomic}
   size_t G1HeapRegionSize                         = 1048576                                   {product} {ergonomic}
    uintx GCDrainStackTargetSize                   = 64                                        {product} {ergonomic}
   size_t InitialHeapSize                          = 134217728                                 {product} {ergonomic}
   size_t MarkStackSize                            = 4194304                                   {product} {ergonomic}
   size_t MaxHeapSize                              = 2147483648                                {product} {ergonomic}
   size_t MaxNewSize                               = 1287651328                                {product} {ergonomic}
   size_t MinHeapDeltaBytes                        = 1048576                                   {product} {ergonomic}
    uintx NonNMethodCodeHeapSize                   = 5825164                                {pd product} {ergonomic}
    uintx NonProfiledCodeHeapSize                  = 122916538                              {pd product} {ergonomic}
    uintx ProfiledCodeHeapSize                     = 122916538                              {pd product} {ergonomic}
    uintx ReservedCodeCacheSize                    = 251658240                              {pd product} {ergonomic}
     bool SegmentedCodeCache                       = true                                      {product} {ergonomic}
     bool UseCompressedClassPointers               = true                                 {lp64_product} {ergonomic}
     bool UseCompressedOops                        = true                                 {lp64_product} {ergonomic}
     bool UseG1GC                                  = true                                      {product} {ergonomic}
     bool UseLargePagesIndividualAllocation        = false                                  {pd product} {ergonomic}

Logging:
Log output configuration:
 #0: stdout all=warning uptime,level,tags
 #1: stderr all=off uptime,level,tags

Environment Variables:
PATH=C:\Program Files\Common Files\Oracle\Java\javapath;C:\Windows\system32;C:\Windows;C:\Windows\System32\Wbem;C:\Windows\System32\WindowsPowerShell\v1.0\;C:\Windows\System32\OpenSSH\;C:\Program Files\PuTTY\;C:\Program Files\Git\cmd;C:\Program Files\Docker\Docker\resources\bin;C:\ProgramData\DockerDesktop\version-bin;C:\Users\sfjbs\Downloads\apache-maven-3.8.6-bin\apache-maven-3.8.6\bin;C:\Users\sfjbs\Downloads\apache-maven-3.8.6-bin\apache-maven-3.8.6\lib;C:\Users\sfjbs\AppData\Local\Microsoft\WindowsApps;C:\Program Files\JetBrains\IntelliJ IDEA Community Edition 2022.2.1\bin;;C:\Users\sfjbs\Downloads\apache-maven-3.8.6-bin\apache-maven-3.8.6\bin;C:\Users\sfjbs\Downloads\apache-maven-3.8.6-bin\apache-maven-3.8.6\lib;
USERNAME=sfjbs
OS=Windows_NT
PROCESSOR_IDENTIFIER=Intel64 Family 6 Model 85 Stepping 7, GenuineIntel



---------------  S Y S T E M  ---------------

OS: Windows 10 , 64 bit Build 19041 (10.0.19041.1889)
Hyper-V role detected

CPU:total 2 (initial active 2) (1 cores per cpu, 2 threads per core) family 6 model 85 stepping 7 microcode 0xffffffff, cmov, cx8, fxsr, mmx, sse, sse2, sse3, ssse3, sse4.1, sse4.2, popcnt, avx, avx2, aes, clmul, erms, rtm, 3dnowpref, lzcnt, ht, tsc, bmi1, bmi2, adx, evex, fma

Memory: 4k page, system-wide physical 8190M (1526M free)
TotalPageFile size 10238M (AvailPageFile size 3M)
current process WorkingSet (physical memory assigned to process): 185M, peak: 188M
current process commit charge ("private bytes"): 318M, peak: 318M

vm_info: Java HotSpot(TM) 64-Bit Server VM (11.0.15+8-LTS-149) for windows-amd64 JRE (11.0.15+8-LTS-149), built on Mar  9 2022 22:42:32 by "mach5one" with MS VC++ 15.9 (VS2017)

END.
